Using pre-set license
Built from '6000.0/staging' branch; Version is '6000.0.31f1 (a206c360e2a8) revision 10618563'; Using compiler version '193933523'; Build Type 'Release'
OS: 'Windows 11  (10.0.26100) 64bit CoreSingleLanguage' Language: 'ru' Physical Memory: 16332 MB
BatchMode: 1, IsHumanControllingUs: 0, StartBugReporterOnCrash: 0, Is64bit: 1, IsPro: 1

COMMAND LINE ARGUMENTS:
E:\Programs\unity\6000.0.31f1\Editor\Unity.exe
-adb2
-batchMode
-noUpm
-name
AssetImportWorker2
-projectPath
E:/Projects/VRussia_through_ages/VRussia_through_ages
-logFile
Logs/AssetImportWorker2.log
-srvPort
60561
-job-worker-count
5
-background-job-worker-count
8
-gc-helper-count
1
Successfully changed project path to: E:/Projects/VRussia_through_ages/VRussia_through_ages
E:/Projects/VRussia_through_ages/VRussia_through_ages
[UnityMemory] Configuration Parameters - Can be set up in boot.config
    "memorysetup-bucket-allocator-granularity=16"
    "memorysetup-bucket-allocator-bucket-count=8"
    "memorysetup-bucket-allocator-block-size=33554432"
    "memorysetup-bucket-allocator-block-count=8"
    "memorysetup-main-allocator-block-size=16777216"
    "memorysetup-thread-allocator-block-size=16777216"
    "memorysetup-gfx-main-allocator-block-size=16777216"
    "memorysetup-gfx-thread-allocator-block-size=16777216"
    "memorysetup-cache-allocator-block-size=4194304"
    "memorysetup-typetree-allocator-block-size=2097152"
    "memorysetup-profiler-bucket-allocator-granularity=16"
    "memorysetup-profiler-bucket-allocator-bucket-count=8"
    "memorysetup-profiler-bucket-allocator-block-size=33554432"
    "memorysetup-profiler-bucket-allocator-block-count=8"
    "memorysetup-profiler-allocator-block-size=16777216"
    "memorysetup-profiler-editor-allocator-block-size=1048576"
    "memorysetup-temp-allocator-size-main=16777216"
    "memorysetup-job-temp-allocator-block-size=2097152"
    "memorysetup-job-temp-allocator-block-size-background=1048576"
    "memorysetup-job-temp-allocator-reduction-small-platforms=262144"
    "memorysetup-allocator-temp-initial-block-size-main=262144"
    "memorysetup-allocator-temp-initial-block-size-worker=262144"
    "memorysetup-temp-allocator-size-background-worker=32768"
    "memorysetup-temp-allocator-size-job-worker=262144"
    "memorysetup-temp-allocator-size-preload-manager=33554432"
    "memorysetup-temp-allocator-size-nav-mesh-worker=65536"
    "memorysetup-temp-allocator-size-audio-worker=65536"
    "memorysetup-temp-allocator-size-cloud-worker=32768"
    "memorysetup-temp-allocator-size-gi-baking-worker=262144"
    "memorysetup-temp-allocator-size-gi-baking-worker=262144"
    "memorysetup-temp-allocator-size-gi-baking-worker=262144"
    "memorysetup-temp-allocator-size-gi-baking-worker=262144"
    "memorysetup-temp-allocator-size-gi-baking-worker=262144"
    "memorysetup-temp-allocator-size-gfx=262144"
Player connection [10252]  Target information:

Player connection [10252]  * "[IP] 192.168.1.175 [Port] 0 [Flags] 2 [Guid] 3233767670 [EditorId] 3233767670 [Version] 1048832 [Id] WindowsEditor(7,verdenkaa-desc) [Debug] 1 [PackageName] WindowsEditor [ProjectName] Editor" 

Player connection [10252] Host joined multi-casting on [225.0.0.222:54997]...
Player connection [10252] Host joined alternative multi-casting on [225.0.0.222:34997]...
JobSystem: Creating JobQueue using job-worker-count value 5
[Physics::Module] Initialized fallback backend.
[Physics::Module] Id: 0xdecafbad
Library Redirect Path: Library/
[Physics::Module] Selected backend.
[Physics::Module] Name: PhysX
[Physics::Module] Id: 0xf2b8ea05
[Physics::Module] SDK Version: 4.1.2
[Physics::Module] Integration Version: 1.0.0
[Physics::Module] Threading Mode: Multi-Threaded
Refreshing native plugins compatible for Editor in 14.40 ms, found 9 plugins.
Preloading 0 native plugins for Editor in 0.00 ms.
Initialize engine version: 6000.0.31f1 (a206c360e2a8)
[Subsystems] Discovering subsystems at path E:/Programs/unity/6000.0.31f1/Editor/Data/Resources/UnitySubsystems
[Subsystems] Discovering subsystems at path E:/Projects/VRussia_through_ages/VRussia_through_ages/Assets
GfxDevice: creating device client; kGfxThreadingModeNonThreaded
Direct3D:
    Version:  Direct3D 11.0 [level 11.1]
    Renderer: Radeon RX 570 Series (ID=0x67df)
    Vendor:   ATI
    VRAM:     8135 MB
    Driver:   31.0.21921.1000
Initialize mono
Mono path[0] = 'E:/Programs/unity/6000.0.31f1/Editor/Data/Managed'
Mono path[1] = 'E:/Programs/unity/6000.0.31f1/Editor/Data/MonoBleedingEdge/lib/mono/unityjit-win32'
Mono config path = 'E:/Programs/unity/6000.0.31f1/Editor/Data/MonoBleedingEdge/etc'
Using monoOptions --debugger-agent=transport=dt_socket,embedding=1,server=y,suspend=n,address=127.0.0.1:56544
Begin MonoManager ReloadAssembly
Registering precompiled unity dll's ...
Register platform support module: E:/Programs/unity/6000.0.31f1/Editor/Data/PlaybackEngines/WindowsStandaloneSupport/UnityEditor.WindowsStandalone.Extensions.dll
Registered in 0.002597 seconds.
- Loaded All Assemblies, in  0.468 seconds
Native extension for WindowsStandalone target not found
Mono: successfully reloaded assembly
- Finished resetting the current domain, in  0.420 seconds
Domain Reload Profiling: 888ms
	BeginReloadAssembly (159ms)
		ExecutionOrderSort (0ms)
		DisableScriptedObjects (0ms)
		BackupInstance (0ms)
		ReleaseScriptingObjects (0ms)
		CreateAndSetChildDomain (1ms)
	RebuildCommonClasses (49ms)
	RebuildNativeTypeToScriptingClass (15ms)
	initialDomainReloadingComplete (58ms)
	LoadAllAssembliesAndSetupDomain (186ms)
		LoadAssemblies (157ms)
		RebuildTransferFunctionScriptingTraits (0ms)
		AnalyzeDomain (183ms)
			TypeCache.Refresh (181ms)
				TypeCache.ScanAssembly (167ms)
			BuildScriptInfoCaches (0ms)
			ResolveRequiredComponents (1ms)
	FinalizeReload (421ms)
		ReleaseScriptCaches (0ms)
		RebuildScriptCaches (0ms)
		SetupLoadedEditorAssemblies (364ms)
			LogAssemblyErrors (0ms)
			InitializePlatformSupportModulesInManaged (34ms)
			SetLoadedEditorAssemblies (6ms)
			BeforeProcessingInitializeOnLoad (66ms)
			ProcessInitializeOnLoadAttributes (190ms)
			ProcessInitializeOnLoadMethodAttributes (69ms)
			AfterProcessingInitializeOnLoad (0ms)
			EditorAssembliesLoaded (0ms)
		ExecutionOrderSort2 (0ms)
		AwakeInstancesAfterBackupRestoration (0ms)
========================================================================
Worker process is ready to serve import requests
Import Worker Mode flag is 0x00
Begin MonoManager ReloadAssembly
- Loaded All Assemblies, in  0.930 seconds
'Packages/com.unity.xr.openxr/Runtime/OpenXRLoader.cs' contains partial class of Unity.Object, exactly 1 of the partial classes needs to be in a file with the same filename. This is to know the one that can be referenced from ie. GameObjects
'Packages/com.unity.xr.openxr/Runtime/OpenXRLoaderInternal.cs' contains partial class of Unity.Object, exactly 1 of the partial classes needs to be in a file with the same filename. This is to know the one that can be referenced from ie. GameObjects
Refreshing native plugins compatible for Editor in 9.38 ms, found 9 plugins.
Native extension for WindowsStandalone target not found
Package Manager log level set to [2]
[Package Manager] Failed to launch server process. Reason: Unity was launched with the -noUpm command-line argument
[Package Manager] Unable to send message (not connected to server process).
[Package Manager] Cannot connect to Unity Package Manager local server
[Package Manager] Failed to launch server process. Reason: Unity was launched with the -noUpm command-line argument
[Package Manager] Unable to send message (not connected to server process).
[Package Manager] Cannot connect to Unity Package Manager local server
System.Reflection.TargetInvocationException: Exception has been thrown by the target of an invocation. ---> System.TypeInitializationException: The type initializer for 'UnityEditor.XR.Interaction.Toolkit.Samples.Hands.Editor.HandsSampleProjectValidation' threw an exception. ---> System.NullReferenceException: Object reference not set to an instance of an object
  at Unity.XR.CoreUtils.Editor.PackageVersionUtility.UpdatePackageVersions () [0x00034] in .\Library\PackageCache\com.unity.xr.core-utils\Editor\ProjectValidation\PackageVersionUtility.cs:46 
  at Unity.XR.CoreUtils.Editor.PackageVersionUtility.GetPackageVersion (System.String packageName) [0x00011] in .\Library\PackageCache\com.unity.xr.core-utils\Editor\ProjectValidation\PackageVersionUtility.cs:67 
  at UnityEditor.XR.Interaction.Toolkit.Samples.Hands.Editor.HandsSampleProjectValidation..cctor () [0x00041] in E:\Projects\VRussia_through_ages\VRussia_through_ages\Assets\Samples\XR Interaction Toolkit\3.0.7\Hands Interaction Demo\Editor\Scripts\HandsSampleProjectValidation.cs:34 
   --- End of inner exception stack trace ---
  at (wrapper managed-to-native) System.Object.__icall_wrapper_mono_gc_wbarrier_generic_nostore_internal(intptr)
  at (wrapper write-barrier) System.Object.wbarrier_conc(intptr)
  at (wrapper managed-to-native) System.Reflection.RuntimeMethodInfo.InternalInvoke(System.Reflection.RuntimeMethodInfo,object,object[],System.Exception&)
  at System.Reflection.RuntimeMethodInfo.Invoke (System.Object obj, System.Reflection.BindingFlags invokeAttr, System.Reflection.Binder binder, System.Object[] parameters, System.Globalization.CultureInfo culture) [0x0006a] in <ed969b0e627d471da4848289f9c322df>:0 
   --- End of inner exception stack trace ---
  at System.Reflection.RuntimeMethodInfo.Invoke (System.Object obj, System.Reflection.BindingFlags invokeAttr, System.Reflection.Binder binder, System.Object[] parameters, System.Globalization.CultureInfo culture) [0x00083] in <ed969b0e627d471da4848289f9c322df>:0 
  at System.Reflection.MethodBase.Invoke (System.Object obj, System.Object[] parameters) [0x00000] in <ed969b0e627d471da4848289f9c322df>:0 
  at UnityEditor.EditorAssemblies.ProcessInitializeOnLoadMethodAttributes () [0x00056] in <e6ff5fa81f7b4f289fd2b129b5dcbaee>:0 
UnityEngine.Debug:ExtractStackTraceNoAlloc (byte*,int,string)
UnityEngine.StackTraceUtility:ExtractStackTrace ()
UnityEngine.DebugLogHandler:Internal_Log (UnityEngine.LogType,UnityEngine.LogOption,string,UnityEngine.Object)
UnityEngine.DebugLogHandler:LogFormat (UnityEngine.LogType,UnityEngine.Object,string,object[])
UnityEngine.Logger:Log (UnityEngine.LogType,object)
UnityEngine.Debug:LogError (object)
UnityEditor.EditorAssemblies:ProcessInitializeOnLoadMethodAttributes ()

Shader Hidden/ProbeVolume/VoxelizeScene is not supported: GPU does not support conservative rasterization
Mono: successfully reloaded assembly
[Package Manager] Failed to launch server process. Reason: Unity was launched with the -noUpm command-line argument
[Package Manager] Unable to send message (not connected to server process).
[Package Manager] Cannot connect to Unity Package Manager local server
[Package Manager] Failed to launch server process. Reason: Unity was launched with the -noUpm command-line argument
[Package Manager] Unable to send message (not connected to server process).
[Package Manager] Cannot connect to Unity Package Manager local server
- Finished resetting the current domain, in  1.099 seconds
Domain Reload Profiling: 2027ms
	BeginReloadAssembly (202ms)
		ExecutionOrderSort (0ms)
		DisableScriptedObjects (8ms)
		BackupInstance (0ms)
		ReleaseScriptingObjects (0ms)
		CreateAndSetChildDomain (31ms)
	RebuildCommonClasses (47ms)
	RebuildNativeTypeToScriptingClass (15ms)
	initialDomainReloadingComplete (43ms)
	LoadAllAssembliesAndSetupDomain (622ms)
		LoadAssemblies (391ms)
		RebuildTransferFunctionScriptingTraits (0ms)
		AnalyzeDomain (356ms)
			TypeCache.Refresh (253ms)
				TypeCache.ScanAssembly (233ms)
			BuildScriptInfoCaches (84ms)
			ResolveRequiredComponents (15ms)
	FinalizeReload (1099ms)
		ReleaseScriptCaches (0ms)
		RebuildScriptCaches (0ms)
		SetupLoadedEditorAssemblies (898ms)
			LogAssemblyErrors (0ms)
			InitializePlatformSupportModulesInManaged (2ms)
			SetLoadedEditorAssemblies (4ms)
			BeforeProcessingInitializeOnLoad (123ms)
			ProcessInitializeOnLoadAttributes (571ms)
			ProcessInitializeOnLoadMethodAttributes (195ms)
			AfterProcessingInitializeOnLoad (2ms)
			EditorAssembliesLoaded (0ms)
		ExecutionOrderSort2 (0ms)
		AwakeInstancesAfterBackupRestoration (7ms)
Shader Hidden/ProbeVolume/VoxelizeScene is not supported: GPU does not support conservative rasterization
Launched and connected shader compiler UnityShaderCompiler.exe after 0.02 seconds
Refreshing native plugins compatible for Editor in 9.50 ms, found 9 plugins.
Preloading 0 native plugins for Editor in 0.00 ms.
Unloading 240 Unused Serialized files (Serialized files now loaded: 0)
Unloading 5587 unused Assets / (7.3 MB). Loaded Objects now: 6253.
Memory consumption went from 168.1 MB to 160.7 MB.
Total: 12.402300 ms (FindLiveObjects: 0.745100 ms CreateObjectMapping: 0.359200 ms MarkObjects: 6.312600 ms  DeleteObjects: 4.984100 ms)

========================================================================
Received Import Request.
  Time since last request: 266417.825168 seconds.
  path: Assets/!project/3d models/Rus/objects/хлеб/hleb.fbx
  artifactKey: Guid(c7ac8696a3561004bb717d7c856aac0f) Importer(815301076,1909f56bfc062723c751e8b465ee728b)
Start importing Assets/!project/3d models/Rus/objects/хлеб/hleb.fbx using Guid(c7ac8696a3561004bb717d7c856aac0f) Importer(815301076,1909f56bfc062723c751e8b465ee728b) (PreviewImporter) -> (artifact id: 'f6f8cfc3b16c84502ba0da09024fa262') in 0.6406534 seconds
Number of updated asset objects reloaded before import = 0Number of asset objects unloaded after import = 10

========================================================================
Received Import Request.
  Time since last request: 5.630019 seconds.
  path: Assets/!project/3d models/Rus/objects/хлебная лопата/lopata.fbx
  artifactKey: Guid(7408c8872643b7b4f8b93eee854d9dcd) Importer(815301076,1909f56bfc062723c751e8b465ee728b)
Start importing Assets/!project/3d models/Rus/objects/хлебная лопата/lopata.fbx using Guid(7408c8872643b7b4f8b93eee854d9dcd) Importer(815301076,1909f56bfc062723c751e8b465ee728b) (PreviewImporter) -> (artifact id: '8bba56d06870a741898d4cd0aab30208') in 0.0285833 seconds
Number of updated asset objects reloaded before import = 0Number of asset objects unloaded after import = 8

========================================================================
Received Import Request.
  Time since last request: 104.893290 seconds.
  path: Assets/!project/3d models/Rus/objects/стойка/stoyka.fbx
  artifactKey: Guid(926e6594a74cfc147b1511f0156df25f) Importer(815301076,1909f56bfc062723c751e8b465ee728b)
Start importing Assets/!project/3d models/Rus/objects/стойка/stoyka.fbx using Guid(926e6594a74cfc147b1511f0156df25f) Importer(815301076,1909f56bfc062723c751e8b465ee728b) (PreviewImporter) -> (artifact id: 'd2d1dcdf3bda69cc1f5d1a77afb16783') in 0.0256563 seconds
Number of updated asset objects reloaded before import = 0Number of asset objects unloaded after import = 8

========================================================================
Received Import Request.
  Time since last request: 0.018382 seconds.
  path: Assets/!project/3d models/Rus/objects/стойка/stoyka.prefab
  artifactKey: Guid(7bd31fff65214674db7c78d601c79f98) Importer(815301076,1909f56bfc062723c751e8b465ee728b)
Start importing Assets/!project/3d models/Rus/objects/стойка/stoyka.prefab using Guid(7bd31fff65214674db7c78d601c79f98) Importer(815301076,1909f56bfc062723c751e8b465ee728b) (PreviewImporter) -> (artifact id: '9f84909285a170c00d478d33e052492a') in 0.0169775 seconds
Number of updated asset objects reloaded before import = 0Number of asset objects unloaded after import = 23

========================================================================
Received Import Request.
  Time since last request: 8.845772 seconds.
  path: Assets/!project/3d models/Rus/objects/стойка/stoyka.prefab
  artifactKey: Guid(7bd31fff65214674db7c78d601c79f98) Importer(815301076,1909f56bfc062723c751e8b465ee728b)
Start importing Assets/!project/3d models/Rus/objects/стойка/stoyka.prefab using Guid(7bd31fff65214674db7c78d601c79f98) Importer(815301076,1909f56bfc062723c751e8b465ee728b) (PreviewImporter) -> (artifact id: '33a070a3c663101b5cb842853ad3e424') in 0.0206818 seconds
Number of updated asset objects reloaded before import = 0Number of asset objects unloaded after import = 23

========================================================================
Received Import Request.
  Time since last request: 4.953297 seconds.
  path: Assets/!project/3d models/Rus/objects/стойка/stoyka_lp.fbx
  artifactKey: Guid(2e494568fa231c4459d8ffb407ea8e67) Importer(815301076,1909f56bfc062723c751e8b465ee728b)
Start importing Assets/!project/3d models/Rus/objects/стойка/stoyka_lp.fbx using Guid(2e494568fa231c4459d8ffb407ea8e67) Importer(815301076,1909f56bfc062723c751e8b465ee728b) (PreviewImporter) -> (artifact id: '9f82b0214443e7b571aa2c8f86a3e7cb') in 0.0246743 seconds
Number of updated asset objects reloaded before import = 0Number of asset objects unloaded after import = 8

========================================================================
Received Import Request.
  Time since last request: 0.013861 seconds.
  path: Assets/!project/3d models/Rus/objects/стойка/stoyka.prefab
  artifactKey: Guid(7bd31fff65214674db7c78d601c79f98) Importer(815301076,1909f56bfc062723c751e8b465ee728b)
Start importing Assets/!project/3d models/Rus/objects/стойка/stoyka.prefab using Guid(7bd31fff65214674db7c78d601c79f98) Importer(815301076,1909f56bfc062723c751e8b465ee728b) (PreviewImporter) -> (artifact id: '37139bb82f2cfa16649652bcbed7a115') in 0.0213351 seconds
Number of updated asset objects reloaded before import = 0Number of asset objects unloaded after import = 23

========================================================================
Received Import Request.
  Time since last request: 14.651215 seconds.
  path: Assets/!project/3d models/Rus/objects/свисток/svistok_hp2.fbx
  artifactKey: Guid(36c5302e9ce44d7428f32989e75416ef) Importer(815301076,1909f56bfc062723c751e8b465ee728b)
Start importing Assets/!project/3d models/Rus/objects/свисток/svistok_hp2.fbx using Guid(36c5302e9ce44d7428f32989e75416ef) Importer(815301076,1909f56bfc062723c751e8b465ee728b) (PreviewImporter) -> (artifact id: '260219bd8b423ffb3909f0484b462199') in 0.0275944 seconds
Number of updated asset objects reloaded before import = 0Number of asset objects unloaded after import = 7

========================================================================
Received Import Request.
  Time since last request: 0.000026 seconds.
  path: Assets/!project/3d models/Rus/objects/свисток/svistok.prefab
  artifactKey: Guid(8c49d354b7468da459ca0317c80b2490) Importer(815301076,1909f56bfc062723c751e8b465ee728b)
Start importing Assets/!project/3d models/Rus/objects/свисток/svistok.prefab using Guid(8c49d354b7468da459ca0317c80b2490) Importer(815301076,1909f56bfc062723c751e8b465ee728b) (PreviewImporter) -> (artifact id: 'bc2af51e2e19cea4d6679bd1315d890f') in 0.0763654 seconds
Number of updated asset objects reloaded before import = 0Number of asset objects unloaded after import = 28

========================================================================
Received Import Request.
  Time since last request: 4.937757 seconds.
  path: Assets/!project/3d models/Rus/objects/свисток/svistok_mp.fbx
  artifactKey: Guid(cd2d36c23a8487e4dbe6d9a33af61b78) Importer(815301076,1909f56bfc062723c751e8b465ee728b)
Start importing Assets/!project/3d models/Rus/objects/свисток/svistok_mp.fbx using Guid(cd2d36c23a8487e4dbe6d9a33af61b78) Importer(815301076,1909f56bfc062723c751e8b465ee728b) (PreviewImporter) -> (artifact id: '39db6ba5ea7c1af886082a4c7694a830') in 0.0196045 seconds
Number of updated asset objects reloaded before import = 0Number of asset objects unloaded after import = 7

========================================================================
Received Import Request.
  Time since last request: 0.019918 seconds.
  path: Assets/!project/3d models/Rus/objects/свисток/svistok.prefab
  artifactKey: Guid(8c49d354b7468da459ca0317c80b2490) Importer(815301076,1909f56bfc062723c751e8b465ee728b)
Start importing Assets/!project/3d models/Rus/objects/свисток/svistok.prefab using Guid(8c49d354b7468da459ca0317c80b2490) Importer(815301076,1909f56bfc062723c751e8b465ee728b) (PreviewImporter) -> (artifact id: '96edea51cd14094a7e2f3f6c00b7e8c9') in 0.0520007 seconds
Number of updated asset objects reloaded before import = 0Number of asset objects unloaded after import = 28

========================================================================
Received Import Request.
  Time since last request: 6.388991 seconds.
  path: Assets/!project/3d models/Rus/objects/свисток/svistok_lp.fbx
  artifactKey: Guid(cb7ca212d576d624080fa4ed2b7bebd5) Importer(815301076,1909f56bfc062723c751e8b465ee728b)
Start importing Assets/!project/3d models/Rus/objects/свисток/svistok_lp.fbx using Guid(cb7ca212d576d624080fa4ed2b7bebd5) Importer(815301076,1909f56bfc062723c751e8b465ee728b) (PreviewImporter) -> (artifact id: '82be50fe5ec3d99bc22487166e2ec9fa') in 0.0189716 seconds
Number of updated asset objects reloaded before import = 0Number of asset objects unloaded after import = 7

========================================================================
Received Import Request.
  Time since last request: 0.021653 seconds.
  path: Assets/!project/3d models/Rus/objects/свисток/svistok.prefab
  artifactKey: Guid(8c49d354b7468da459ca0317c80b2490) Importer(815301076,1909f56bfc062723c751e8b465ee728b)
Start importing Assets/!project/3d models/Rus/objects/свисток/svistok.prefab using Guid(8c49d354b7468da459ca0317c80b2490) Importer(815301076,1909f56bfc062723c751e8b465ee728b) (PreviewImporter) -> (artifact id: 'ede7e37b95e87f87346076c5c85a5501') in 0.0618079 seconds
Number of updated asset objects reloaded before import = 0Number of asset objects unloaded after import = 28

========================================================================
Received Import Request.
  Time since last request: 4.446821 seconds.
  path: Assets/!project/3d models/Rus/objects/миска/miska.prefab
  artifactKey: Guid(79de0ed5cef62cf448c565ecd125e67d) Importer(815301076,1909f56bfc062723c751e8b465ee728b)
Start importing Assets/!project/3d models/Rus/objects/миска/miska.prefab using Guid(79de0ed5cef62cf448c565ecd125e67d) Importer(815301076,1909f56bfc062723c751e8b465ee728b) (PreviewImporter) -> (artifact id: '7a19755ab60636203491549b0d8704fc') in 0.0590124 seconds
Number of updated asset objects reloaded before import = 0Number of asset objects unloaded after import = 27

========================================================================
Received Import Request.
  Time since last request: 9.427213 seconds.
  path: Assets/!project/3d models/Rus/objects/толкушка и ступа/stupa_texture
  artifactKey: Guid(2f6d4043d3be81f4d98d0c782f3f3002) Importer(815301076,1909f56bfc062723c751e8b465ee728b)
Start importing Assets/!project/3d models/Rus/objects/толкушка и ступа/stupa_texture using Guid(2f6d4043d3be81f4d98d0c782f3f3002) Importer(815301076,1909f56bfc062723c751e8b465ee728b) (PreviewImporter) -> (artifact id: 'cae07c3d942654bc29c558a00f4152e1') in 0.0007341 seconds
Number of updated asset objects reloaded before import = 0Number of asset objects unloaded after import = 0

========================================================================
Received Import Request.
  Time since last request: 0.022690 seconds.
  path: Assets/!project/3d models/Rus/objects/толкушка и ступа/stupa_texture/stupa_hp_Материал_AlbedoTransparency.png
  artifactKey: Guid(3bbde08c9a9b5ea44b906d623c3cfa26) Importer(815301076,1909f56bfc062723c751e8b465ee728b)
Start importing Assets/!project/3d models/Rus/objects/толкушка и ступа/stupa_texture/stupa_hp_Материал_AlbedoTransparency.png using Guid(3bbde08c9a9b5ea44b906d623c3cfa26) Importer(815301076,1909f56bfc062723c751e8b465ee728b) (PreviewImporter) -> (artifact id: '3f54a54fceba38e891514892b37d2dbf') in 0.0352608 seconds
Number of updated asset objects reloaded before import = 0Number of asset objects unloaded after import = 2

========================================================================
Received Import Request.
  Time since last request: 9.876410 seconds.
  path: Assets/!project/3d models/Rus/objects/толкушка и ступа/stupa_texture/stupa_hp_Материал_AlbedoTransparency.png
  artifactKey: Guid(3bbde08c9a9b5ea44b906d623c3cfa26) Importer(815301076,1909f56bfc062723c751e8b465ee728b)
Start importing Assets/!project/3d models/Rus/objects/толкушка и ступа/stupa_texture/stupa_hp_Материал_AlbedoTransparency.png using Guid(3bbde08c9a9b5ea44b906d623c3cfa26) Importer(815301076,1909f56bfc062723c751e8b465ee728b) (PreviewImporter) -> (artifact id: 'c68ef39f7af9c9ae60d7087a020afe64') in 0.0226391 seconds
Number of updated asset objects reloaded before import = 0Number of asset objects unloaded after import = 2

========================================================================
Received Import Request.
  Time since last request: 0.000046 seconds.
  path: Assets/!project/3d models/Rus/objects/толкушка и ступа/stupa_texture/stupa_hp_Материал_Normal.png
  artifactKey: Guid(ca640b413ccaf0949a9bfcb1cd28144e) Importer(815301076,1909f56bfc062723c751e8b465ee728b)
Start importing Assets/!project/3d models/Rus/objects/толкушка и ступа/stupa_texture/stupa_hp_Материал_Normal.png using Guid(ca640b413ccaf0949a9bfcb1cd28144e) Importer(815301076,1909f56bfc062723c751e8b465ee728b) (PreviewImporter) -> (artifact id: '903675445924770465a07795aaf109c9') in 0.0286661 seconds
Number of updated asset objects reloaded before import = 0Number of asset objects unloaded after import = 2

========================================================================
Received Import Request.
  Time since last request: 6.043247 seconds.
  path: Assets/!project/3d models/Rus/objects/толкушка и ступа/stupa_texture/stupa.mat
  artifactKey: Guid(a526caa6f0e2d7849a0adaf8a37b71bf) Importer(815301076,1909f56bfc062723c751e8b465ee728b)
Start importing Assets/!project/3d models/Rus/objects/толкушка и ступа/stupa_texture/stupa.mat using Guid(a526caa6f0e2d7849a0adaf8a37b71bf) Importer(815301076,1909f56bfc062723c751e8b465ee728b) (PreviewImporter) -> (artifact id: 'b73dac16238e8b2a977cb5614472617a') in 0.0178474 seconds
Number of updated asset objects reloaded before import = 0Number of asset objects unloaded after import = 1

========================================================================
Received Import Request.
  Time since last request: 21.288071 seconds.
  path: Assets/!project/3d models/Rus/objects/толкушка и ступа/stupa_texture/stupa_hp_Материал_Normal.png
  artifactKey: Guid(ca640b413ccaf0949a9bfcb1cd28144e) Importer(815301076,1909f56bfc062723c751e8b465ee728b)
Start importing Assets/!project/3d models/Rus/objects/толкушка и ступа/stupa_texture/stupa_hp_Материал_Normal.png using Guid(ca640b413ccaf0949a9bfcb1cd28144e) Importer(815301076,1909f56bfc062723c751e8b465ee728b) (PreviewImporter) -> (artifact id: '11d1f7b1ce4947f8186e79c71bc0c7bd') in 0.038882 seconds
Number of updated asset objects reloaded before import = 0Number of asset objects unloaded after import = 2

========================================================================
Received Import Request.
  Time since last request: 440.166091 seconds.
  path: Assets/!project/3d models/Rus/objects/толкушка и ступа/stupa.prefab
  artifactKey: Guid(4731fc5fca3ddfc49a148f5d07cce603) Importer(815301076,1909f56bfc062723c751e8b465ee728b)
Start importing Assets/!project/3d models/Rus/objects/толкушка и ступа/stupa.prefab using Guid(4731fc5fca3ddfc49a148f5d07cce603) Importer(815301076,1909f56bfc062723c751e8b465ee728b) (PreviewImporter) -> (artifact id: '082015064b36ac79bf9a4e46122a358b') in 0.0206415 seconds
Number of updated asset objects reloaded before import = 0Number of asset objects unloaded after import = 17

========================================================================
Received Import Request.
  Time since last request: 19.644809 seconds.
  path: Assets/!project/3d models/Rus/objects/толкушка и ступа/tolkushka_texture
  artifactKey: Guid(54fb2c681398ff942931a167f0be8067) Importer(815301076,1909f56bfc062723c751e8b465ee728b)
Start importing Assets/!project/3d models/Rus/objects/толкушка и ступа/tolkushka_texture using Guid(54fb2c681398ff942931a167f0be8067) Importer(815301076,1909f56bfc062723c751e8b465ee728b) (PreviewImporter) -> (artifact id: '776cabd4c8e49249365a5c91937ab073') in 0.0006789 seconds
Number of updated asset objects reloaded before import = 0Number of asset objects unloaded after import = 0

========================================================================
Received Import Request.
  Time since last request: 0.015684 seconds.
  path: Assets/!project/3d models/Rus/objects/толкушка и ступа/tolkushka_texture/tolkushka_Материал_AlbedoTransparency.png
  artifactKey: Guid(6048e293e13dbdc41b0c44b95a783fd8) Importer(815301076,1909f56bfc062723c751e8b465ee728b)
Start importing Assets/!project/3d models/Rus/objects/толкушка и ступа/tolkushka_texture/tolkushka_Материал_AlbedoTransparency.png using Guid(6048e293e13dbdc41b0c44b95a783fd8) Importer(815301076,1909f56bfc062723c751e8b465ee728b) (PreviewImporter) -> (artifact id: 'e27283b08e7a808d2ab48a5297544144') in 0.0252953 seconds
Number of updated asset objects reloaded before import = 0Number of asset objects unloaded after import = 2

========================================================================
Received Import Request.
  Time since last request: 0.000039 seconds.
  path: Assets/!project/3d models/Rus/objects/толкушка и ступа/tolkushka_texture/tolkushka_Материал_Normal.png
  artifactKey: Guid(0961a146d5a006c4eae46b651b9557ed) Importer(815301076,1909f56bfc062723c751e8b465ee728b)
Start importing Assets/!project/3d models/Rus/objects/толкушка и ступа/tolkushka_texture/tolkushka_Материал_Normal.png using Guid(0961a146d5a006c4eae46b651b9557ed) Importer(815301076,1909f56bfc062723c751e8b465ee728b) (PreviewImporter) -> (artifact id: '20ea065d3f753e185867646be3c5fde8') in 0.0237885 seconds
Number of updated asset objects reloaded before import = 0Number of asset objects unloaded after import = 2

========================================================================
Received Import Request.
  Time since last request: 6.751480 seconds.
  path: Assets/!project/3d models/Rus/objects/толкушка и ступа/tolkushka_texture/tolkushka_Материал_AlbedoTransparency.png
  artifactKey: Guid(6048e293e13dbdc41b0c44b95a783fd8) Importer(815301076,1909f56bfc062723c751e8b465ee728b)
Start importing Assets/!project/3d models/Rus/objects/толкушка и ступа/tolkushka_texture/tolkushka_Материал_AlbedoTransparency.png using Guid(6048e293e13dbdc41b0c44b95a783fd8) Importer(815301076,1909f56bfc062723c751e8b465ee728b) (PreviewImporter) -> (artifact id: 'df3c7cbaba67c4547e023b28146be2da') in 0.0238902 seconds
Number of updated asset objects reloaded before import = 0Number of asset objects unloaded after import = 2

========================================================================
Received Import Request.
  Time since last request: 0.000036 seconds.
  path: Assets/!project/3d models/Rus/objects/толкушка и ступа/tolkushka_texture/tolkushka_Материал_MetallicSmoothness.png
  artifactKey: Guid(58d91f0061830274789b39a5843a6086) Importer(815301076,1909f56bfc062723c751e8b465ee728b)
Start importing Assets/!project/3d models/Rus/objects/толкушка и ступа/tolkushka_texture/tolkushka_Материал_MetallicSmoothness.png using Guid(58d91f0061830274789b39a5843a6086) Importer(815301076,1909f56bfc062723c751e8b465ee728b) (PreviewImporter) -> (artifact id: 'f393174d5b6134fc43fb15e3c32a5c83') in 0.017846 seconds
Number of updated asset objects reloaded before import = 0Number of asset objects unloaded after import = 2

========================================================================
Received Import Request.
  Time since last request: 11.025789 seconds.
  path: Assets/!project/3d models/Rus/objects/толкушка и ступа/tolkushka_texture/tolkushka.mat
  artifactKey: Guid(e49c288723a99ff44aa8644956de948b) Importer(815301076,1909f56bfc062723c751e8b465ee728b)
Start importing Assets/!project/3d models/Rus/objects/толкушка и ступа/tolkushka_texture/tolkushka.mat using Guid(e49c288723a99ff44aa8644956de948b) Importer(815301076,1909f56bfc062723c751e8b465ee728b) (PreviewImporter) -> (artifact id: 'ed63bcbb58499b24e409b462bba383c7') in 0.0193221 seconds
Number of updated asset objects reloaded before import = 0Number of asset objects unloaded after import = 1

========================================================================
Received Import Request.
  Time since last request: 15.028357 seconds.
  path: Assets/!project/3d models/Rus/objects/толкушка и ступа/tolkushka_texture/tolkushka_Материал_Normal.png
  artifactKey: Guid(0961a146d5a006c4eae46b651b9557ed) Importer(815301076,1909f56bfc062723c751e8b465ee728b)
Start importing Assets/!project/3d models/Rus/objects/толкушка и ступа/tolkushka_texture/tolkushka_Материал_Normal.png using Guid(0961a146d5a006c4eae46b651b9557ed) Importer(815301076,1909f56bfc062723c751e8b465ee728b) (PreviewImporter) -> (artifact id: '1cffce272fd12ed84992bb1ad53f3752') in 0.0273227 seconds
Number of updated asset objects reloaded before import = 0Number of asset objects unloaded after import = 2

========================================================================
Received Import Request.
  Time since last request: 7.126206 seconds.
  path: Assets/!project/3d models/Rus/objects/толкушка и ступа/stupa.prefab
  artifactKey: Guid(4731fc5fca3ddfc49a148f5d07cce603) Importer(815301076,1909f56bfc062723c751e8b465ee728b)
Start importing Assets/!project/3d models/Rus/objects/толкушка и ступа/stupa.prefab using Guid(4731fc5fca3ddfc49a148f5d07cce603) Importer(815301076,1909f56bfc062723c751e8b465ee728b) (PreviewImporter) -> (artifact id: '9563ff107679ec658788ed2ab126b830') in 0.0571346 seconds
Number of updated asset objects reloaded before import = 0Number of asset objects unloaded after import = 20

========================================================================
Received Import Request.
  Time since last request: 15.785733 seconds.
  path: Assets/!project/3d models/Rus/objects/толкушка и ступа/tolkushka.fbx
  artifactKey: Guid(905cb21959b7ebc4a965789220d6ee1c) Importer(815301076,1909f56bfc062723c751e8b465ee728b)
Start importing Assets/!project/3d models/Rus/objects/толкушка и ступа/tolkushka.fbx using Guid(905cb21959b7ebc4a965789220d6ee1c) Importer(815301076,1909f56bfc062723c751e8b465ee728b) (PreviewImporter) -> (artifact id: 'e5cbee930f4c2c6e542038ca295587fe') in 0.0297939 seconds
Number of updated asset objects reloaded before import = 0Number of asset objects unloaded after import = 8

========================================================================
Received Import Request.
  Time since last request: 4.611930 seconds.
  path: Assets/!project/3d models/Rus/objects/толкушка и ступа/tolkushka.fbx
  artifactKey: Guid(905cb21959b7ebc4a965789220d6ee1c) Importer(815301076,1909f56bfc062723c751e8b465ee728b)
Start importing Assets/!project/3d models/Rus/objects/толкушка и ступа/tolkushka.fbx using Guid(905cb21959b7ebc4a965789220d6ee1c) Importer(815301076,1909f56bfc062723c751e8b465ee728b) (PreviewImporter) -> (artifact id: '48238569289694f9cf0c10280d021f47') in 0.0250883 seconds
Number of updated asset objects reloaded before import = 0Number of asset objects unloaded after import = 8

========================================================================
Received Import Request.
  Time since last request: 9.761577 seconds.
  path: Assets/!project/3d models/Rus/objects/толкушка и ступа/stupa_mp.fbx
  artifactKey: Guid(5aba89b64dbeede4aaed3737816ef64f) Importer(815301076,1909f56bfc062723c751e8b465ee728b)
Start importing Assets/!project/3d models/Rus/objects/толкушка и ступа/stupa_mp.fbx using Guid(5aba89b64dbeede4aaed3737816ef64f) Importer(815301076,1909f56bfc062723c751e8b465ee728b) (PreviewImporter) -> (artifact id: '3486127bbce7dbf767465780e7e7354e') in 0.0328755 seconds
Number of updated asset objects reloaded before import = 0Number of asset objects unloaded after import = 8

========================================================================
Received Import Request.
  Time since last request: 8.606158 seconds.
  path: Assets/!project/3d models/Rus/objects/толкушка и ступа/tolkushka.prefab
  artifactKey: Guid(8b4f4c2d2f6310d43b4363729ce8eab4) Importer(815301076,1909f56bfc062723c751e8b465ee728b)
Start importing Assets/!project/3d models/Rus/objects/толкушка и ступа/tolkushka.prefab using Guid(8b4f4c2d2f6310d43b4363729ce8eab4) Importer(815301076,1909f56bfc062723c751e8b465ee728b) (PreviewImporter) -> (artifact id: '9715cff3517ba5a4c28e57bda56b8913') in 0.0179535 seconds
Number of updated asset objects reloaded before import = 0Number of asset objects unloaded after import = 16

========================================================================
Received Import Request.
  Time since last request: 66.121216 seconds.
  path: Assets/!project/3d models/Rus/objects/хлеб/textures
  artifactKey: Guid(9407d6853c3da7d4f8586d263a760273) Importer(815301076,1909f56bfc062723c751e8b465ee728b)
Start importing Assets/!project/3d models/Rus/objects/хлеб/textures using Guid(9407d6853c3da7d4f8586d263a760273) Importer(815301076,1909f56bfc062723c751e8b465ee728b) (PreviewImporter) -> (artifact id: '3f915f8571d88ac3c43b527af63c3e99') in 0.0006686 seconds
Number of updated asset objects reloaded before import = 0Number of asset objects unloaded after import = 0

========================================================================
Received Import Request.
  Time since last request: 0.076550 seconds.
  path: Assets/!project/3d models/Rus/objects/хлеб/textures/hleb_DefaultMaterial_AlbedoTransparency.png
  artifactKey: Guid(c57fde8ad1cd81e42ab3e3f30974f560) Importer(815301076,1909f56bfc062723c751e8b465ee728b)
Start importing Assets/!project/3d models/Rus/objects/хлеб/textures/hleb_DefaultMaterial_AlbedoTransparency.png using Guid(c57fde8ad1cd81e42ab3e3f30974f560) Importer(815301076,1909f56bfc062723c751e8b465ee728b) (PreviewImporter) -> (artifact id: '17967a882b8cb8cba230d7001158d90c') in 0.0169443 seconds
Number of updated asset objects reloaded before import = 0Number of asset objects unloaded after import = 2

========================================================================
Received Import Request.
  Time since last request: 0.000039 seconds.
  path: Assets/!project/3d models/Rus/objects/хлеб/textures/hleb_DefaultMaterial_Normal.png
  artifactKey: Guid(ee24b883a04d47a4eb0374df81ca756b) Importer(815301076,1909f56bfc062723c751e8b465ee728b)
Start importing Assets/!project/3d models/Rus/objects/хлеб/textures/hleb_DefaultMaterial_Normal.png using Guid(ee24b883a04d47a4eb0374df81ca756b) Importer(815301076,1909f56bfc062723c751e8b465ee728b) (PreviewImporter) -> (artifact id: '6bd75d60135f297a89002c51c9cc1143') in 0.0234822 seconds
Number of updated asset objects reloaded before import = 0Number of asset objects unloaded after import = 2

========================================================================
Received Import Request.
  Time since last request: 9.771216 seconds.
  path: Assets/!project/3d models/Rus/objects/хлеб/textures/hleb_DefaultMaterial_AlbedoTransparency.png
  artifactKey: Guid(c57fde8ad1cd81e42ab3e3f30974f560) Importer(815301076,1909f56bfc062723c751e8b465ee728b)
Start importing Assets/!project/3d models/Rus/objects/хлеб/textures/hleb_DefaultMaterial_AlbedoTransparency.png using Guid(c57fde8ad1cd81e42ab3e3f30974f560) Importer(815301076,1909f56bfc062723c751e8b465ee728b) (PreviewImporter) -> (artifact id: '12b369f6bec3cf0580b7f0247c8a6bfc') in 0.0266958 seconds
Number of updated asset objects reloaded before import = 0Number of asset objects unloaded after import = 2

========================================================================
Received Import Request.
  Time since last request: 0.000038 seconds.
  path: Assets/!project/3d models/Rus/objects/хлеб/textures/hleb_DefaultMaterial_Normal.png
  artifactKey: Guid(ee24b883a04d47a4eb0374df81ca756b) Importer(815301076,1909f56bfc062723c751e8b465ee728b)
Start importing Assets/!project/3d models/Rus/objects/хлеб/textures/hleb_DefaultMaterial_Normal.png using Guid(ee24b883a04d47a4eb0374df81ca756b) Importer(815301076,1909f56bfc062723c751e8b465ee728b) (PreviewImporter) -> (artifact id: '8215f28019e51d9cedc16184eb3e46cf') in 0.026525 seconds
Number of updated asset objects reloaded before import = 0Number of asset objects unloaded after import = 2

========================================================================
Received Import Request.
  Time since last request: 8.413916 seconds.
  path: Assets/!project/3d models/Rus/objects/хлеб/textures/hleb.mat
  artifactKey: Guid(b1852f3b035b89747bb1980132c333da) Importer(815301076,1909f56bfc062723c751e8b465ee728b)
Start importing Assets/!project/3d models/Rus/objects/хлеб/textures/hleb.mat using Guid(b1852f3b035b89747bb1980132c333da) Importer(815301076,1909f56bfc062723c751e8b465ee728b) (PreviewImporter) -> (artifact id: '28e5e6a56b43b893e6b2a5d081fda6d6') in 0.0162992 seconds
Number of updated asset objects reloaded before import = 0Number of asset objects unloaded after import = 1

========================================================================
Received Import Request.
  Time since last request: 14.198186 seconds.
  path: Assets/!project/3d models/Rus/objects/хлеб/textures/hleb_DefaultMaterial_Normal.png
  artifactKey: Guid(ee24b883a04d47a4eb0374df81ca756b) Importer(815301076,1909f56bfc062723c751e8b465ee728b)
Start importing Assets/!project/3d models/Rus/objects/хлеб/textures/hleb_DefaultMaterial_Normal.png using Guid(ee24b883a04d47a4eb0374df81ca756b) Importer(815301076,1909f56bfc062723c751e8b465ee728b) (PreviewImporter) -> (artifact id: '6ea9ecb010cae5765eaa3cc189872de2') in 0.0363881 seconds
Number of updated asset objects reloaded before import = 0Number of asset objects unloaded after import = 2

========================================================================
Received Import Request.
  Time since last request: 259.957218 seconds.
  path: Assets/!project/3d models/Rus/objects/хлеб/hleb_mp.fbx
  artifactKey: Guid(393c5629ecaa1de4f97e8081c9cb92c3) Importer(815301076,1909f56bfc062723c751e8b465ee728b)
Start importing Assets/!project/3d models/Rus/objects/хлеб/hleb_mp.fbx using Guid(393c5629ecaa1de4f97e8081c9cb92c3) Importer(815301076,1909f56bfc062723c751e8b465ee728b) (PreviewImporter) -> (artifact id: '78ef81c8b6eb9c60bb83e229ba5d699a') in 0.0270277 seconds
Number of updated asset objects reloaded before import = 0Number of asset objects unloaded after import = 7

========================================================================
Received Import Request.
  Time since last request: 4.692024 seconds.
  path: Assets/!project/3d models/Rus/objects/хлеб/hleb_lp.fbx
  artifactKey: Guid(ad5c246a9de2bfc41bcb5055d11a90ba) Importer(815301076,1909f56bfc062723c751e8b465ee728b)
Start importing Assets/!project/3d models/Rus/objects/хлеб/hleb_lp.fbx using Guid(ad5c246a9de2bfc41bcb5055d11a90ba) Importer(815301076,1909f56bfc062723c751e8b465ee728b) (PreviewImporter) -> (artifact id: '5fd694f6165454c1c33a56865f4c1072') in 0.0196858 seconds
Number of updated asset objects reloaded before import = 0Number of asset objects unloaded after import = 7

========================================================================
Received Import Request.
  Time since last request: 4.724747 seconds.
  path: Assets/!project/3d models/Rus/objects/хлеб/hleb.prefab
  artifactKey: Guid(2fa8b2b311a46b8448ebbca7f6d498d2) Importer(815301076,1909f56bfc062723c751e8b465ee728b)
Start importing Assets/!project/3d models/Rus/objects/хлеб/hleb.prefab using Guid(2fa8b2b311a46b8448ebbca7f6d498d2) Importer(815301076,1909f56bfc062723c751e8b465ee728b) (PreviewImporter) -> (artifact id: '1a45b9476c2b2f8fb94bc0260103343a') in 0.0176098 seconds
Number of updated asset objects reloaded before import = 0Number of asset objects unloaded after import = 19

========================================================================
Received Import Request.
  Time since last request: 11.317966 seconds.
  path: Assets/!project/3d models/Rus/objects/хлебная лопата/textures
  artifactKey: Guid(bf899afa1c2ea464fae6c60ac8003892) Importer(815301076,1909f56bfc062723c751e8b465ee728b)
Start importing Assets/!project/3d models/Rus/objects/хлебная лопата/textures using Guid(bf899afa1c2ea464fae6c60ac8003892) Importer(815301076,1909f56bfc062723c751e8b465ee728b) (PreviewImporter) -> (artifact id: '4f22cb709cc884fed7d79cc6acf31d22') in 0.0006711 seconds
Number of updated asset objects reloaded before import = 0Number of asset objects unloaded after import = 0

========================================================================
Received Import Request.
  Time since last request: 0.051269 seconds.
  path: Assets/!project/3d models/Rus/objects/хлебная лопата/textures/lopata_Материал.001_AlbedoTransparency.png
  artifactKey: Guid(260ad077be42a0846adcbb9f92efa2e2) Importer(815301076,1909f56bfc062723c751e8b465ee728b)
Start importing Assets/!project/3d models/Rus/objects/хлебная лопата/textures/lopata_Материал.001_AlbedoTransparency.png using Guid(260ad077be42a0846adcbb9f92efa2e2) Importer(815301076,1909f56bfc062723c751e8b465ee728b) (PreviewImporter) -> (artifact id: '61a2f3254d96a8a34c97e15fb11ba0c5') in 0.0168659 seconds
Number of updated asset objects reloaded before import = 0Number of asset objects unloaded after import = 2

========================================================================
Received Import Request.
  Time since last request: 0.000038 seconds.
  path: Assets/!project/3d models/Rus/objects/хлебная лопата/textures/lopata_Материал.001_Normal.png
  artifactKey: Guid(374502094b2cb6642ad2be73f66f8134) Importer(815301076,1909f56bfc062723c751e8b465ee728b)
Start importing Assets/!project/3d models/Rus/objects/хлебная лопата/textures/lopata_Материал.001_Normal.png using Guid(374502094b2cb6642ad2be73f66f8134) Importer(815301076,1909f56bfc062723c751e8b465ee728b) (PreviewImporter) -> (artifact id: '7dc3799ec232e77ea134d2a5291cdc26') in 0.0476265 seconds
Number of updated asset objects reloaded before import = 0Number of asset objects unloaded after import = 2

========================================================================
Received Import Request.
  Time since last request: 81.079781 seconds.
  path: Assets/!project/3d models/Rus/objects/хлебная лопата/textures/lopata_Материал.001_AlbedoTransparency.png
  artifactKey: Guid(260ad077be42a0846adcbb9f92efa2e2) Importer(815301076,1909f56bfc062723c751e8b465ee728b)
Start importing Assets/!project/3d models/Rus/objects/хлебная лопата/textures/lopata_Материал.001_AlbedoTransparency.png using Guid(260ad077be42a0846adcbb9f92efa2e2) Importer(815301076,1909f56bfc062723c751e8b465ee728b) (PreviewImporter) -> (artifact id: 'cbd7b35d7c1dd917c23816d51ba29628') in 0.0299348 seconds
Number of updated asset objects reloaded before import = 0Number of asset objects unloaded after import = 2

========================================================================
Received Import Request.
  Time since last request: 0.000028 seconds.
  path: Assets/!project/3d models/Rus/objects/хлебная лопата/textures/lopata_Материал.001_Normal.png
  artifactKey: Guid(374502094b2cb6642ad2be73f66f8134) Importer(815301076,1909f56bfc062723c751e8b465ee728b)
Start importing Assets/!project/3d models/Rus/objects/хлебная лопата/textures/lopata_Материал.001_Normal.png using Guid(374502094b2cb6642ad2be73f66f8134) Importer(815301076,1909f56bfc062723c751e8b465ee728b) (PreviewImporter) -> (artifact id: '5954a25f2dcba0be34ef95e24d2faed6') in 0.0288758 seconds
Number of updated asset objects reloaded before import = 0Number of asset objects unloaded after import = 2

========================================================================
Received Import Request.
  Time since last request: 7.278898 seconds.
  path: Assets/!project/3d models/Rus/objects/хлебная лопата/textures/lopata.mat
  artifactKey: Guid(8a3ebea9dc8a8984f8e04f6b187c2ea4) Importer(815301076,1909f56bfc062723c751e8b465ee728b)
Start importing Assets/!project/3d models/Rus/objects/хлебная лопата/textures/lopata.mat using Guid(8a3ebea9dc8a8984f8e04f6b187c2ea4) Importer(815301076,1909f56bfc062723c751e8b465ee728b) (PreviewImporter) -> (artifact id: 'd89849b76f9d2688a849b209b068db08') in 0.0196065 seconds
Number of updated asset objects reloaded before import = 0Number of asset objects unloaded after import = 1

========================================================================
Received Import Request.
  Time since last request: 22.124457 seconds.
  path: Assets/!project/3d models/Rus/objects/хлебная лопата/textures/lopata_Материал.001_Normal.png
  artifactKey: Guid(374502094b2cb6642ad2be73f66f8134) Importer(815301076,1909f56bfc062723c751e8b465ee728b)
Start importing Assets/!project/3d models/Rus/objects/хлебная лопата/textures/lopata_Материал.001_Normal.png using Guid(374502094b2cb6642ad2be73f66f8134) Importer(815301076,1909f56bfc062723c751e8b465ee728b) (PreviewImporter) -> (artifact id: '0fde289aefe0c04a9fa778dcd2282256') in 0.0329874 seconds
Number of updated asset objects reloaded before import = 0Number of asset objects unloaded after import = 2

========================================================================
Received Import Request.
  Time since last request: 263.207398 seconds.
  path: Assets/!project/3d models/Rus/objects/хлебная лопата/lopata.prefab
  artifactKey: Guid(1eb591efa7cdb1c4fb5fef7eb183e2cb) Importer(815301076,1909f56bfc062723c751e8b465ee728b)
Start importing Assets/!project/3d models/Rus/objects/хлебная лопата/lopata.prefab using Guid(1eb591efa7cdb1c4fb5fef7eb183e2cb) Importer(815301076,1909f56bfc062723c751e8b465ee728b) (PreviewImporter) -> (artifact id: '998c6144dac706541e0645cbd8621e66') in 0.0202146 seconds
Number of updated asset objects reloaded before import = 0Number of asset objects unloaded after import = 20

========================================================================
Received Import Request.
  Time since last request: 1.085882 seconds.
  path: Assets/!project/3d models/Rus/objects/хлебная лопата/lopata.prefab
  artifactKey: Guid(1eb591efa7cdb1c4fb5fef7eb183e2cb) Importer(815301076,1909f56bfc062723c751e8b465ee728b)
Start importing Assets/!project/3d models/Rus/objects/хлебная лопата/lopata.prefab using Guid(1eb591efa7cdb1c4fb5fef7eb183e2cb) Importer(815301076,1909f56bfc062723c751e8b465ee728b) (PreviewImporter) -> (artifact id: '5515dca8933a93c43e9d260242f5a0e3') in 0.0560017 seconds
Number of updated asset objects reloaded before import = 0Number of asset objects unloaded after import = 23

========================================================================
Received Import Request.
  Time since last request: 670.606622 seconds.
  path: Assets/!project/3d models/Rus/objects/Лучина и светец/Лучина/luchina1.fbx
  artifactKey: Guid(d54e7999eec973f4cadf79788f1cc835) Importer(815301076,1909f56bfc062723c751e8b465ee728b)
Start importing Assets/!project/3d models/Rus/objects/Лучина и светец/Лучина/luchina1.fbx using Guid(d54e7999eec973f4cadf79788f1cc835) Importer(815301076,1909f56bfc062723c751e8b465ee728b) (PreviewImporter) -> (artifact id: '285d6d62012b07778361dbfe20b29a41') in 0.0274165 seconds
Number of updated asset objects reloaded before import = 0Number of asset objects unloaded after import = 7

========================================================================
Received Import Request.
  Time since last request: 66.311564 seconds.
  path: Assets/!project/3d models/Rus/objects/Лучина и светец/Лучина/textures/luchina.mat
  artifactKey: Guid(5c20dc0db7d272c428928a51bf2657dc) Importer(815301076,1909f56bfc062723c751e8b465ee728b)
Start importing Assets/!project/3d models/Rus/objects/Лучина и светец/Лучина/textures/luchina.mat using Guid(5c20dc0db7d272c428928a51bf2657dc) Importer(815301076,1909f56bfc062723c751e8b465ee728b) (PreviewImporter) -> (artifact id: '70be64e08472677a54c326c84847defb') in 0.0435308 seconds
Number of updated asset objects reloaded before import = 0Number of asset objects unloaded after import = 3

========================================================================
Received Import Request.
  Time since last request: 107.665919 seconds.
  path: Assets/!project/3d models/Rus/objects/Лучина и светец/Лучина/luchina.prefab
  artifactKey: Guid(1b4c43f8db2c14e4986bdf73472f60e9) Importer(815301076,1909f56bfc062723c751e8b465ee728b)
Start importing Assets/!project/3d models/Rus/objects/Лучина и светец/Лучина/luchina.prefab using Guid(1b4c43f8db2c14e4986bdf73472f60e9) Importer(815301076,1909f56bfc062723c751e8b465ee728b) (PreviewImporter) -> (artifact id: '020ce397d1f0eadb341cee38644a7323') in 0.042477 seconds
Number of updated asset objects reloaded before import = 0Number of asset objects unloaded after import = 18

========================================================================
Received Import Request.
  Time since last request: 359.837422 seconds.
  path: Assets/!project/3d models/Rus/objects/Наковальня/nakovalnya_sub.fbx
  artifactKey: Guid(b0cdd12b8efd27f4fbd570aad5545b03) Importer(815301076,1909f56bfc062723c751e8b465ee728b)
Start importing Assets/!project/3d models/Rus/objects/Наковальня/nakovalnya_sub.fbx using Guid(b0cdd12b8efd27f4fbd570aad5545b03) Importer(815301076,1909f56bfc062723c751e8b465ee728b) (PreviewImporter) -> (artifact id: 'c04bd0714b50325358ec5b57fb3ea58f') in 0.0295768 seconds
Number of updated asset objects reloaded before import = 0Number of asset objects unloaded after import = 7

========================================================================
Received Import Request.
  Time since last request: 8.269838 seconds.
  path: Assets/!project/3d models/Rus/objects/Наковальня/textures/nakovalnya.mat
  artifactKey: Guid(5de25e918edbe95478eaf829cfec557c) Importer(815301076,1909f56bfc062723c751e8b465ee728b)
Start importing Assets/!project/3d models/Rus/objects/Наковальня/textures/nakovalnya.mat using Guid(5de25e918edbe95478eaf829cfec557c) Importer(815301076,1909f56bfc062723c751e8b465ee728b) (PreviewImporter) -> (artifact id: '769670407f9ba818cc17f5ce5d39bf2c') in 0.0748892 seconds
Number of updated asset objects reloaded before import = 0Number of asset objects unloaded after import = 4

========================================================================
Received Import Request.
  Time since last request: 187.203431 seconds.
  path: Assets/!project/3d models/Rus/objects/Наковальня/nakovalnya.fbx
  artifactKey: Guid(89b271e395d191b49b2e8aa286c83a14) Importer(815301076,1909f56bfc062723c751e8b465ee728b)
Start importing Assets/!project/3d models/Rus/objects/Наковальня/nakovalnya.fbx using Guid(89b271e395d191b49b2e8aa286c83a14) Importer(815301076,1909f56bfc062723c751e8b465ee728b) (PreviewImporter) -> (artifact id: '1fdbbba8b2f298395be7bd2af5130a27') in 0.0249668 seconds
Number of updated asset objects reloaded before import = 0Number of asset objects unloaded after import = 7

========================================================================
Received Import Request.
  Time since last request: 0.000029 seconds.
  path: Assets/!project/3d models/Rus/objects/Наковальня/nakovalnya_mp.fbx
  artifactKey: Guid(268340e6ab061e6489444fd307895ded) Importer(815301076,1909f56bfc062723c751e8b465ee728b)
Start importing Assets/!project/3d models/Rus/objects/Наковальня/nakovalnya_mp.fbx using Guid(268340e6ab061e6489444fd307895ded) Importer(815301076,1909f56bfc062723c751e8b465ee728b) (PreviewImporter) -> (artifact id: '54ea6a58092612d5b0f5b76c14db28ef') in 0.0284097 seconds
Number of updated asset objects reloaded before import = 0Number of asset objects unloaded after import = 8

========================================================================
Received Import Request.
  Time since last request: 158.499091 seconds.
  path: Assets/!project/3d models/Rus/objects/Наковальня/nakovalnya.prefab
  artifactKey: Guid(e775f09039152754abd89c5cef01d29d) Importer(815301076,1909f56bfc062723c751e8b465ee728b)
Start importing Assets/!project/3d models/Rus/objects/Наковальня/nakovalnya.prefab using Guid(e775f09039152754abd89c5cef01d29d) Importer(815301076,1909f56bfc062723c751e8b465ee728b) (PreviewImporter) -> (artifact id: 'ac294d1af104ee03ddb19fd7fe421523') in 0.0627195 seconds
Number of updated asset objects reloaded before import = 0Number of asset objects unloaded after import = 19

========================================================================
Received Prepare
Begin MonoManager ReloadAssembly
- Loaded All Assemblies, in  2.021 seconds
'Packages/com.unity.xr.openxr/Runtime/OpenXRLoader.cs' contains partial class of Unity.Object, exactly 1 of the partial classes needs to be in a file with the same filename. This is to know the one that can be referenced from ie. GameObjects
'Packages/com.unity.xr.openxr/Runtime/OpenXRLoaderInternal.cs' contains partial class of Unity.Object, exactly 1 of the partial classes needs to be in a file with the same filename. This is to know the one that can be referenced from ie. GameObjects
Refreshing native plugins compatible for Editor in 11.10 ms, found 9 plugins.
Native extension for WindowsStandalone target not found
[Package Manager] Failed to launch server process. Reason: Unity was launched with the -noUpm command-line argument
[Package Manager] Unable to send message (not connected to server process).
[Package Manager] Cannot connect to Unity Package Manager local server
[Package Manager] Failed to launch server process. Reason: Unity was launched with the -noUpm command-line argument
[Package Manager] Unable to send message (not connected to server process).
[Package Manager] Cannot connect to Unity Package Manager local server
System.Reflection.TargetInvocationException: Exception has been thrown by the target of an invocation. ---> System.TypeInitializationException: The type initializer for 'UnityEditor.XR.Interaction.Toolkit.Samples.Hands.Editor.HandsSampleProjectValidation' threw an exception. ---> System.NullReferenceException: Object reference not set to an instance of an object
  at Unity.XR.CoreUtils.Editor.PackageVersionUtility.UpdatePackageVersions () [0x00034] in .\Library\PackageCache\com.unity.xr.core-utils\Editor\ProjectValidation\PackageVersionUtility.cs:46 
  at Unity.XR.CoreUtils.Editor.PackageVersionUtility.GetPackageVersion (System.String packageName) [0x00011] in .\Library\PackageCache\com.unity.xr.core-utils\Editor\ProjectValidation\PackageVersionUtility.cs:67 
  at UnityEditor.XR.Interaction.Toolkit.Samples.Hands.Editor.HandsSampleProjectValidation..cctor () [0x00041] in E:\Projects\VRussia_through_ages\VRussia_through_ages\Assets\Samples\XR Interaction Toolkit\3.0.7\Hands Interaction Demo\Editor\Scripts\HandsSampleProjectValidation.cs:34 
   --- End of inner exception stack trace ---
  at (wrapper managed-to-native) System.Object.__icall_wrapper_mono_gc_wbarrier_generic_nostore_internal(intptr)
  at (wrapper write-barrier) System.Object.wbarrier_conc(intptr)
  at (wrapper managed-to-native) System.Reflection.RuntimeMethodInfo.InternalInvoke(System.Reflection.RuntimeMethodInfo,object,object[],System.Exception&)
  at System.Reflection.RuntimeMethodInfo.Invoke (System.Object obj, System.Reflection.BindingFlags invokeAttr, System.Reflection.Binder binder, System.Object[] parameters, System.Globalization.CultureInfo culture) [0x0006a] in <ed969b0e627d471da4848289f9c322df>:0 
   --- End of inner exception stack trace ---
  at System.Reflection.RuntimeMethodInfo.Invoke (System.Object obj, System.Reflection.BindingFlags invokeAttr, System.Reflection.Binder binder, System.Object[] parameters, System.Globalization.CultureInfo culture) [0x00083] in <ed969b0e627d471da4848289f9c322df>:0 
  at System.Reflection.MethodBase.Invoke (System.Object obj, System.Object[] parameters) [0x00000] in <ed969b0e627d471da4848289f9c322df>:0 
  at UnityEditor.EditorAssemblies.ProcessInitializeOnLoadMethodAttributes () [0x00056] in <e6ff5fa81f7b4f289fd2b129b5dcbaee>:0 
UnityEngine.Debug:ExtractStackTraceNoAlloc (byte*,int,string)
UnityEngine.StackTraceUtility:ExtractStackTrace ()
UnityEngine.DebugLogHandler:Internal_Log (UnityEngine.LogType,UnityEngine.LogOption,string,UnityEngine.Object)
UnityEngine.DebugLogHandler:LogFormat (UnityEngine.LogType,UnityEngine.Object,string,object[])
UnityEngine.Logger:Log (UnityEngine.LogType,object)
UnityEngine.Debug:LogError (object)
UnityEditor.EditorAssemblies:ProcessInitializeOnLoadMethodAttributes ()

Mono: successfully reloaded assembly
[Package Manager] Failed to launch server process. Reason: Unity was launched with the -noUpm command-line argument
[Package Manager] Unable to send message (not connected to server process).
[Package Manager] Cannot connect to Unity Package Manager local server
- Finished resetting the current domain, in  1.766 seconds
Domain Reload Profiling: 3791ms
	BeginReloadAssembly (950ms)
		ExecutionOrderSort (1ms)
		DisableScriptedObjects (117ms)
		BackupInstance (0ms)
		ReleaseScriptingObjects (1ms)
		CreateAndSetChildDomain (477ms)
	RebuildCommonClasses (62ms)
	RebuildNativeTypeToScriptingClass (25ms)
	initialDomainReloadingComplete (61ms)
	LoadAllAssembliesAndSetupDomain (926ms)
		LoadAssemblies (732ms)
		RebuildTransferFunctionScriptingTraits (0ms)
		AnalyzeDomain (400ms)
			TypeCache.Refresh (11ms)
				TypeCache.ScanAssembly (0ms)
			BuildScriptInfoCaches (357ms)
			ResolveRequiredComponents (23ms)
	FinalizeReload (1767ms)
		ReleaseScriptCaches (0ms)
		RebuildScriptCaches (0ms)
		SetupLoadedEditorAssemblies (1365ms)
			LogAssemblyErrors (0ms)
			InitializePlatformSupportModulesInManaged (4ms)
			SetLoadedEditorAssemblies (9ms)
			BeforeProcessingInitializeOnLoad (192ms)
			ProcessInitializeOnLoadAttributes (885ms)
			ProcessInitializeOnLoadMethodAttributes (270ms)
			AfterProcessingInitializeOnLoad (3ms)
			EditorAssembliesLoaded (1ms)
		ExecutionOrderSort2 (0ms)
		AwakeInstancesAfterBackupRestoration (20ms)
Shader Hidden/ProbeVolume/VoxelizeScene is not supported: GPU does not support conservative rasterization
Refreshing native plugins compatible for Editor in 16.97 ms, found 9 plugins.
Preloading 0 native plugins for Editor in 0.00 ms.
Unloading 70 Unused Serialized files (Serialized files now loaded: 0)
Unloading 5586 unused Assets / (7.2 MB). Loaded Objects now: 6341.
Memory consumption went from 182.7 MB to 175.5 MB.
Total: 26.461700 ms (FindLiveObjects: 1.418700 ms CreateObjectMapping: 2.026100 ms MarkObjects: 12.507600 ms  DeleteObjects: 10.506400 ms)

Prepare: number of updated asset objects reloaded= 0
========================================================================
Received Import Request.
  Time since last request: 1226.010409 seconds.
  path: Assets/!project/3d models/Rus/objects/Наковальня/nakovalnya.prefab
  artifactKey: Guid(e775f09039152754abd89c5cef01d29d) Importer(815301076,1909f56bfc062723c751e8b465ee728b)
Start importing Assets/!project/3d models/Rus/objects/Наковальня/nakovalnya.prefab using Guid(e775f09039152754abd89c5cef01d29d) Importer(815301076,1909f56bfc062723c751e8b465ee728b) (PreviewImporter) -> (artifact id: 'b83461e96887199b481064102a3946a0') in 0.7170357 seconds
Number of updated asset objects reloaded before import = 0Number of asset objects unloaded after import = 22

