Using pre-set license
Built from '6000.0/staging' branch; Version is '6000.0.31f1 (a206c360e2a8) revision 10618563'; Using compiler version '193933523'; Build Type 'Release'
OS: 'Windows 10  (10.0.19045) 64bit Professional' Language: 'ru' Physical Memory: 16328 MB
BatchMode: 1, IsHumanControllingUs: 0, StartBugReporterOnCrash: 0, Is64bit: 1, IsPro: 1

COMMAND LINE ARGUMENTS:
D:\Leonid\UnityEditor\6000.0.31f1\Editor\Unity.exe
-adb2
-batchMode
-noUpm
-name
AssetImportWorker6
-projectPath
L:/!Проекты/VRоссия через века/Engine/VRussia_through_ages/VRussia_through_ages
-logFile
Logs/AssetImportWorker6.log
-srvPort
64173
-job-worker-count
5
-background-job-worker-count
8
-gc-helper-count
1
Successfully changed project path to: L:/!Проекты/VRоссия через века/Engine/VRussia_through_ages/VRussia_through_ages
L:/!Проекты/VRоссия через века/Engine/VRussia_through_ages/VRussia_through_ages
[UnityMemory] Configuration Parameters - Can be set up in boot.config
    "memorysetup-bucket-allocator-granularity=16"
    "memorysetup-bucket-allocator-bucket-count=8"
    "memorysetup-bucket-allocator-block-size=33554432"
    "memorysetup-bucket-allocator-block-count=8"
    "memorysetup-main-allocator-block-size=16777216"
    "memorysetup-thread-allocator-block-size=16777216"
    "memorysetup-gfx-main-allocator-block-size=16777216"
    "memorysetup-gfx-thread-allocator-block-size=16777216"
    "memorysetup-cache-allocator-block-size=4194304"
    "memorysetup-typetree-allocator-block-size=2097152"
    "memorysetup-profiler-bucket-allocator-granularity=16"
    "memorysetup-profiler-bucket-allocator-bucket-count=8"
    "memorysetup-profiler-bucket-allocator-block-size=33554432"
    "memorysetup-profiler-bucket-allocator-block-count=8"
    "memorysetup-profiler-allocator-block-size=16777216"
    "memorysetup-profiler-editor-allocator-block-size=1048576"
    "memorysetup-temp-allocator-size-main=16777216"
    "memorysetup-job-temp-allocator-block-size=2097152"
    "memorysetup-job-temp-allocator-block-size-background=1048576"
    "memorysetup-job-temp-allocator-reduction-small-platforms=262144"
    "memorysetup-allocator-temp-initial-block-size-main=262144"
    "memorysetup-allocator-temp-initial-block-size-worker=262144"
    "memorysetup-temp-allocator-size-background-worker=32768"
    "memorysetup-temp-allocator-size-job-worker=262144"
    "memorysetup-temp-allocator-size-preload-manager=33554432"
    "memorysetup-temp-allocator-size-nav-mesh-worker=65536"
    "memorysetup-temp-allocator-size-audio-worker=65536"
    "memorysetup-temp-allocator-size-cloud-worker=32768"
    "memorysetup-temp-allocator-size-gi-baking-worker=262144"
    "memorysetup-temp-allocator-size-gi-baking-worker=262144"
    "memorysetup-temp-allocator-size-gi-baking-worker=262144"
    "memorysetup-temp-allocator-size-gi-baking-worker=262144"
    "memorysetup-temp-allocator-size-gi-baking-worker=262144"
    "memorysetup-temp-allocator-size-gfx=262144"
Player connection [13704]  Target information:

Player connection [13704]  * "[IP] 192.168.10.4 [Port] 0 [Flags] 2 [Guid] 1590001237 [EditorId] 1590001237 [Version] 1048832 [Id] WindowsEditor(7,DESKTOP-D78M7LH) [Debug] 1 [PackageName] WindowsEditor [ProjectName] Editor" 

Player connection [13704]  * "[IP] 192.168.56.1 [Port] 0 [Flags] 2 [Guid] 1590001237 [EditorId] 1590001237 [Version] 1048832 [Id] WindowsEditor(7,DESKTOP-D78M7LH) [Debug] 1 [PackageName] WindowsEditor [ProjectName] Editor" 

Player connection [13704] Host joined multi-casting on [225.0.0.222:54997]...
Player connection [13704] Host joined alternative multi-casting on [225.0.0.222:34997]...
JobSystem: Creating JobQueue using job-worker-count value 5
[Physics::Module] Initialized fallback backend.
[Physics::Module] Id: 0xdecafbad
Library Redirect Path: Library/
[Physics::Module] Selected backend.
[Physics::Module] Name: PhysX
[Physics::Module] Id: 0xf2b8ea05
[Physics::Module] SDK Version: 4.1.2
[Physics::Module] Integration Version: 1.0.0
[Physics::Module] Threading Mode: Multi-Threaded
Refreshing native plugins compatible for Editor in 11.18 ms, found 9 plugins.
Preloading 0 native plugins for Editor in 0.00 ms.
Initialize engine version: 6000.0.31f1 (a206c360e2a8)
[Subsystems] Discovering subsystems at path D:/Leonid/UnityEditor/6000.0.31f1/Editor/Data/Resources/UnitySubsystems
[Subsystems] Discovering subsystems at path L:/!Проекты/VRоссия через века/Engine/VRussia_through_ages/VRussia_through_ages/Assets
GfxDevice: creating device client; kGfxThreadingModeNonThreaded
Direct3D:
    Version:  Direct3D 11.0 [level 11.1]
    Renderer: NVIDIA GeForce RTX 3060 Ti (ID=0x24c9)
    Vendor:   NVIDIA
    VRAM:     8024 MB
    Driver:   32.0.15.6636
Initialize mono
Mono path[0] = 'D:/Leonid/UnityEditor/6000.0.31f1/Editor/Data/Managed'
Mono path[1] = 'D:/Leonid/UnityEditor/6000.0.31f1/Editor/Data/MonoBleedingEdge/lib/mono/unityjit-win32'
Mono config path = 'D:/Leonid/UnityEditor/6000.0.31f1/Editor/Data/MonoBleedingEdge/etc'
Using monoOptions --debugger-agent=transport=dt_socket,embedding=1,server=y,suspend=n,address=127.0.0.1:56484
Begin MonoManager ReloadAssembly
Registering precompiled unity dll's ...
Register platform support module: D:/Leonid/UnityEditor/6000.0.31f1/Editor/Data/PlaybackEngines/WindowsStandaloneSupport/UnityEditor.WindowsStandalone.Extensions.dll
Register platform support module: D:/Leonid/UnityEditor/6000.0.31f1/Editor/Data/PlaybackEngines/MetroSupport/UnityEditor.UWP.Extensions.dll
Register platform support module: D:/Leonid/UnityEditor/6000.0.31f1/Editor/Data/PlaybackEngines/AndroidPlayer/UnityEditor.Android.Extensions.dll
Registered in 0.394761 seconds.
- Loaded All Assemblies, in  2.729 seconds
Native extension for Android target not found
Native extension for UWP target not found
Native extension for WindowsStandalone target not found
Mono: successfully reloaded assembly
- Finished resetting the current domain, in  1.268 seconds
Domain Reload Profiling: 3998ms
	BeginReloadAssembly (524ms)
		ExecutionOrderSort (0ms)
		DisableScriptedObjects (0ms)
		BackupInstance (0ms)
		ReleaseScriptingObjects (0ms)
		CreateAndSetChildDomain (1ms)
	RebuildCommonClasses (393ms)
	RebuildNativeTypeToScriptingClass (16ms)
	initialDomainReloadingComplete (776ms)
	LoadAllAssembliesAndSetupDomain (1020ms)
		LoadAssemblies (534ms)
		RebuildTransferFunctionScriptingTraits (0ms)
		AnalyzeDomain (985ms)
			TypeCache.Refresh (983ms)
				TypeCache.ScanAssembly (905ms)
			BuildScriptInfoCaches (0ms)
			ResolveRequiredComponents (1ms)
	FinalizeReload (1269ms)
		ReleaseScriptCaches (0ms)
		RebuildScriptCaches (0ms)
		SetupLoadedEditorAssemblies (969ms)
			LogAssemblyErrors (0ms)
			InitializePlatformSupportModulesInManaged (267ms)
			SetLoadedEditorAssemblies (4ms)
			BeforeProcessingInitializeOnLoad (233ms)
			ProcessInitializeOnLoadAttributes (278ms)
			ProcessInitializeOnLoadMethodAttributes (187ms)
			AfterProcessingInitializeOnLoad (0ms)
			EditorAssembliesLoaded (0ms)
		ExecutionOrderSort2 (0ms)
		AwakeInstancesAfterBackupRestoration (0ms)
========================================================================
Worker process is ready to serve import requests
Import Worker Mode flag is 0x00
Begin MonoManager ReloadAssembly
- Loaded All Assemblies, in  3.406 seconds
'Packages/com.unity.xr.openxr/Runtime/OpenXRLoader.cs' contains partial class of Unity.Object, exactly 1 of the partial classes needs to be in a file with the same filename. This is to know the one that can be referenced from ie. GameObjects
'Packages/com.unity.xr.openxr/Runtime/OpenXRLoaderInternal.cs' contains partial class of Unity.Object, exactly 1 of the partial classes needs to be in a file with the same filename. This is to know the one that can be referenced from ie. GameObjects
Refreshing native plugins compatible for Editor in 8.51 ms, found 9 plugins.
Native extension for Android target not found
Native extension for UWP target not found
Native extension for WindowsStandalone target not found
Package Manager log level set to [2]
[Package Manager] Failed to launch server process. Reason: Unity was launched with the -noUpm command-line argument
[Package Manager] Unable to send message (not connected to server process).
[Package Manager] Cannot connect to Unity Package Manager local server
[Package Manager] Failed to launch server process. Reason: Unity was launched with the -noUpm command-line argument
[Package Manager] Unable to send message (not connected to server process).
[Package Manager] Cannot connect to Unity Package Manager local server
System.Reflection.TargetInvocationException: Exception has been thrown by the target of an invocation. ---> System.TypeInitializationException: The type initializer for 'UnityEditor.XR.Interaction.Toolkit.Samples.Hands.Editor.HandsSampleProjectValidation' threw an exception. ---> System.NullReferenceException: Object reference not set to an instance of an object
  at Unity.XR.CoreUtils.Editor.PackageVersionUtility.UpdatePackageVersions () [0x00034] in .\Library\PackageCache\com.unity.xr.core-utils\Editor\ProjectValidation\PackageVersionUtility.cs:46 
  at Unity.XR.CoreUtils.Editor.PackageVersionUtility.GetPackageVersion (System.String packageName) [0x00011] in .\Library\PackageCache\com.unity.xr.core-utils\Editor\ProjectValidation\PackageVersionUtility.cs:67 
  at UnityEditor.XR.Interaction.Toolkit.Samples.Hands.Editor.HandsSampleProjectValidation..cctor () [0x00041] in L:\!Проекты\VRоссия через века - 3д\Engine\VRussia_through_ages\VRussia_through_ages\Assets\Samples\XR Interaction Toolkit\3.0.7\Hands Interaction Demo\Editor\Scripts\HandsSampleProjectValidation.cs:34 
   --- End of inner exception stack trace ---
  at (wrapper managed-to-native) System.Object.__icall_wrapper_mono_gc_wbarrier_generic_nostore_internal(intptr)
  at (wrapper write-barrier) System.Object.wbarrier_conc(intptr)
  at (wrapper managed-to-native) System.Reflection.RuntimeMethodInfo.InternalInvoke(System.Reflection.RuntimeMethodInfo,object,object[],System.Exception&)
  at System.Reflection.RuntimeMethodInfo.Invoke (System.Object obj, System.Reflection.BindingFlags invokeAttr, System.Reflection.Binder binder, System.Object[] parameters, System.Globalization.CultureInfo culture) [0x0006a] in <ed969b0e627d471da4848289f9c322df>:0 
   --- End of inner exception stack trace ---
  at System.Reflection.RuntimeMethodInfo.Invoke (System.Object obj, System.Reflection.BindingFlags invokeAttr, System.Reflection.Binder binder, System.Object[] parameters, System.Globalization.CultureInfo culture) [0x00083] in <ed969b0e627d471da4848289f9c322df>:0 
  at System.Reflection.MethodBase.Invoke (System.Object obj, System.Object[] parameters) [0x00000] in <ed969b0e627d471da4848289f9c322df>:0 
  at UnityEditor.EditorAssemblies.ProcessInitializeOnLoadMethodAttributes () [0x00056] in <e6ff5fa81f7b4f289fd2b129b5dcbaee>:0 
UnityEngine.Debug:ExtractStackTraceNoAlloc (byte*,int,string)
UnityEngine.StackTraceUtility:ExtractStackTrace ()
UnityEngine.DebugLogHandler:Internal_Log (UnityEngine.LogType,UnityEngine.LogOption,string,UnityEngine.Object)
UnityEngine.DebugLogHandler:LogFormat (UnityEngine.LogType,UnityEngine.Object,string,object[])
UnityEngine.Logger:Log (UnityEngine.LogType,object)
UnityEngine.Debug:LogError (object)
UnityEditor.EditorAssemblies:ProcessInitializeOnLoadMethodAttributes ()

Mono: successfully reloaded assembly
[Package Manager] Failed to launch server process. Reason: Unity was launched with the -noUpm command-line argument
[Package Manager] Unable to send message (not connected to server process).
[Package Manager] Cannot connect to Unity Package Manager local server
[Package Manager] Failed to launch server process. Reason: Unity was launched with the -noUpm command-line argument
[Package Manager] Unable to send message (not connected to server process).
[Package Manager] Cannot connect to Unity Package Manager local server
- Finished resetting the current domain, in 11.651 seconds
Domain Reload Profiling: 14955ms
	BeginReloadAssembly (301ms)
		ExecutionOrderSort (0ms)
		DisableScriptedObjects (53ms)
		BackupInstance (0ms)
		ReleaseScriptingObjects (0ms)
		CreateAndSetChildDomain (78ms)
	RebuildCommonClasses (46ms)
	RebuildNativeTypeToScriptingClass (14ms)
	initialDomainReloadingComplete (36ms)
	LoadAllAssembliesAndSetupDomain (2908ms)
		LoadAssemblies (2415ms)
		RebuildTransferFunctionScriptingTraits (0ms)
		AnalyzeDomain (632ms)
			TypeCache.Refresh (443ms)
				TypeCache.ScanAssembly (417ms)
			BuildScriptInfoCaches (171ms)
			ResolveRequiredComponents (14ms)
	FinalizeReload (11651ms)
		ReleaseScriptCaches (0ms)
		RebuildScriptCaches (0ms)
		SetupLoadedEditorAssemblies (9819ms)
			LogAssemblyErrors (0ms)
			InitializePlatformSupportModulesInManaged (16ms)
			SetLoadedEditorAssemblies (5ms)
			BeforeProcessingInitializeOnLoad (111ms)
			ProcessInitializeOnLoadAttributes (5847ms)
			ProcessInitializeOnLoadMethodAttributes (3837ms)
			AfterProcessingInitializeOnLoad (3ms)
			EditorAssembliesLoaded (0ms)
		ExecutionOrderSort2 (0ms)
		AwakeInstancesAfterBackupRestoration (7ms)
Launched and connected shader compiler UnityShaderCompiler.exe after 0.06 seconds
Refreshing native plugins compatible for Editor in 11.50 ms, found 9 plugins.
Preloading 0 native plugins for Editor in 0.00 ms.
Unloading 239 Unused Serialized files (Serialized files now loaded: 0)
Unloading 5590 unused Assets / (7.0 MB). Loaded Objects now: 6248.
Memory consumption went from 167.0 MB to 160.0 MB.
Total: 139.335400 ms (FindLiveObjects: 0.994100 ms CreateObjectMapping: 0.374500 ms MarkObjects: 133.307100 ms  DeleteObjects: 4.657700 ms)

========================================================================
Received Import Request.
  Time since last request: 1287588.171742 seconds.
  path: Assets/From starter/VRTemplateAssets/Scripts
  artifactKey: Guid(bb08feaef282a7840a768637f717b2dc) Importer(2089858483,192608db42251d675da83286b1cce702)
Start importing Assets/From starter/VRTemplateAssets/Scripts using Guid(bb08feaef282a7840a768637f717b2dc) Importer(2089858483,192608db42251d675da83286b1cce702) (ScriptedImporter) -> (artifact id: '2844b5971ba1b970daa1571237f02990') in 0.2154982 seconds
Number of updated asset objects reloaded before import = 0Number of asset objects unloaded after import = 1

========================================================================
Received Import Request.
  Time since last request: 0.000023 seconds.
  path: Assets/From starter/VRTemplateAssets/Fonts
  artifactKey: Guid(0d03abdfbcb43db40a2aafe9a42564fa) Importer(2089858483,192608db42251d675da83286b1cce702)
Start importing Assets/From starter/VRTemplateAssets/Fonts using Guid(0d03abdfbcb43db40a2aafe9a42564fa) Importer(2089858483,192608db42251d675da83286b1cce702) (ScriptedImporter) -> (artifact id: '9b10781712878fd149540c740b41ab2e') in 0.0038404 seconds
Number of updated asset objects reloaded before import = 0Number of asset objects unloaded after import = 1

========================================================================
Received Import Request.
  Time since last request: 0.000031 seconds.
  path: Assets/From starter/VRTemplateAssets/Sprites/Icons
  artifactKey: Guid(edc235aebfc84a647b8935090f5e1d68) Importer(2089858483,192608db42251d675da83286b1cce702)
Start importing Assets/From starter/VRTemplateAssets/Sprites/Icons using Guid(edc235aebfc84a647b8935090f5e1d68) Importer(2089858483,192608db42251d675da83286b1cce702) (ScriptedImporter) -> (artifact id: '4e4522fbb1d9f72e66e01436763e8a26') in 0.0039027 seconds
Number of updated asset objects reloaded before import = 0Number of asset objects unloaded after import = 1

========================================================================
Received Import Request.
  Time since last request: 0.000017 seconds.
  path: Assets/!project/3d models/Rus/houses/textures_unity/brevno/3/brevno_Материал_Height.png
  artifactKey: Guid(f4bbb54e96f13cd41875573103d90ee0) Importer(2089858483,192608db42251d675da83286b1cce702)
Start importing Assets/!project/3d models/Rus/houses/textures_unity/brevno/3/brevno_Материал_Height.png using Guid(f4bbb54e96f13cd41875573103d90ee0) Importer(2089858483,192608db42251d675da83286b1cce702) (ScriptedImporter) -> (artifact id: '0594d705628ddd3684ffde778309f666') in 0.0827742 seconds
Number of updated asset objects reloaded before import = 0Number of asset objects unloaded after import = 1

========================================================================
Received Import Request.
  Time since last request: 0.000019 seconds.
  path: Assets/From starter/VRTemplateAssets/Materials/Skybox/skybox01_openGL.mat
  artifactKey: Guid(ec46d2188d4b8774e847e75f1e12a8db) Importer(2089858483,192608db42251d675da83286b1cce702)
Start importing Assets/From starter/VRTemplateAssets/Materials/Skybox/skybox01_openGL.mat using Guid(ec46d2188d4b8774e847e75f1e12a8db) Importer(2089858483,192608db42251d675da83286b1cce702) (ScriptedImporter) -> (artifact id: '71e66cc387da0e8c0a3612d660f17c3a') in 0.0326986 seconds
Number of updated asset objects reloaded before import = 0Number of asset objects unloaded after import = 2

========================================================================
Received Import Request.
  Time since last request: 0.000018 seconds.
  path: Assets/Samples/XR Interaction Toolkit/3.0.7/Starter Assets
  artifactKey: Guid(f73b2335327fb774aac0ef475e48177f) Importer(2089858483,192608db42251d675da83286b1cce702)
Start importing Assets/Samples/XR Interaction Toolkit/3.0.7/Starter Assets using Guid(f73b2335327fb774aac0ef475e48177f) Importer(2089858483,192608db42251d675da83286b1cce702) (ScriptedImporter) -> (artifact id: '98fddc141a7b017d47e0f5e4669a242e') in 0.0167686 seconds
Number of updated asset objects reloaded before import = 0Number of asset objects unloaded after import = 1

========================================================================
Received Import Request.
  Time since last request: 0.000032 seconds.
  path: Assets/From starter/VRTemplateAssets/Prefabs/Interactables/Totem2 Variant.prefab
  artifactKey: Guid(c72778ad3d61c1c4286eb3a2aeb02741) Importer(2089858483,192608db42251d675da83286b1cce702)
Start importing Assets/From starter/VRTemplateAssets/Prefabs/Interactables/Totem2 Variant.prefab using Guid(c72778ad3d61c1c4286eb3a2aeb02741) Importer(2089858483,192608db42251d675da83286b1cce702) (ScriptedImporter) -> (artifact id: '8509f010a30948131a44234b83d1657d') in 0.1318024 seconds
Number of updated asset objects reloaded before import = 0Number of asset objects unloaded after import = 60

========================================================================
Received Import Request.
  Time since last request: 0.000016 seconds.
  path: Assets/From starter/VRTemplateAssets/Materials/Environment/wall2_Metallic.png
  artifactKey: Guid(29476f995aeec6243b4aa5032ecf7dd5) Importer(2089858483,192608db42251d675da83286b1cce702)
Start importing Assets/From starter/VRTemplateAssets/Materials/Environment/wall2_Metallic.png using Guid(29476f995aeec6243b4aa5032ecf7dd5) Importer(2089858483,192608db42251d675da83286b1cce702) (ScriptedImporter) -> (artifact id: '60359b282de68aeb2b50422168db0499') in 0.0138403 seconds
Number of updated asset objects reloaded before import = 0Number of asset objects unloaded after import = 1

========================================================================
Received Import Request.
  Time since last request: 0.000021 seconds.
  path: Assets/!project/3d models/Rus/houses/textures_unity/brevno
  artifactKey: Guid(f9086d0f4fbbef84092d90867e707351) Importer(2089858483,192608db42251d675da83286b1cce702)
Start importing Assets/!project/3d models/Rus/houses/textures_unity/brevno using Guid(f9086d0f4fbbef84092d90867e707351) Importer(2089858483,192608db42251d675da83286b1cce702) (ScriptedImporter) -> (artifact id: '2b17c443a97525e018ab41bcbdfdfc7c') in 0.0037608 seconds
Number of updated asset objects reloaded before import = 0Number of asset objects unloaded after import = 1

========================================================================
Received Import Request.
  Time since last request: 0.000028 seconds.
  path: Assets/Samples/XR Hands/1.5.0/HandVisualizer
  artifactKey: Guid(e133da2a224f97a4faab1b065cdc4117) Importer(2089858483,192608db42251d675da83286b1cce702)
Start importing Assets/Samples/XR Hands/1.5.0/HandVisualizer using Guid(e133da2a224f97a4faab1b065cdc4117) Importer(2089858483,192608db42251d675da83286b1cce702) (ScriptedImporter) -> (artifact id: 'e401c588aa15939fbba22deb52f67806') in 0.0157606 seconds
Number of updated asset objects reloaded before import = 0Number of asset objects unloaded after import = 1

========================================================================
Received Import Request.
  Time since last request: 0.000019 seconds.
  path: Assets/!project/3d models/Rus/houses/textures_unity/brevno/2/brevno_Материал_BaseColor.png
  artifactKey: Guid(961480f4d0a444f4db2dd5589ec846c8) Importer(2089858483,192608db42251d675da83286b1cce702)
Start importing Assets/!project/3d models/Rus/houses/textures_unity/brevno/2/brevno_Материал_BaseColor.png using Guid(961480f4d0a444f4db2dd5589ec846c8) Importer(2089858483,192608db42251d675da83286b1cce702) (ScriptedImporter) -> (artifact id: 'f3244d1653606a8588949d1866e7bf00') in 0.0352599 seconds
Number of updated asset objects reloaded before import = 0Number of asset objects unloaded after import = 1

========================================================================
Received Import Request.
  Time since last request: 0.000015 seconds.
  path: Assets/!project/Environment/Materials/brown_mud/NewLayer.terrainlayer
  artifactKey: Guid(ae719f942d3858142b149919069f1204) Importer(2089858483,192608db42251d675da83286b1cce702)
Start importing Assets/!project/Environment/Materials/brown_mud/NewLayer.terrainlayer using Guid(ae719f942d3858142b149919069f1204) Importer(2089858483,192608db42251d675da83286b1cce702) (ScriptedImporter) -> (artifact id: 'a3a4e49aee3c67b6ac1d75890ff845ad') in 0.0702006 seconds
Number of updated asset objects reloaded before import = 0Number of asset objects unloaded after import = 3

========================================================================
Received Import Request.
  Time since last request: 0.000019 seconds.
  path: Assets/!project/3d models/Rus/houses/textures_unity/brevno_long/brevnolong3.mat
  artifactKey: Guid(ddd42d655f57aea4d962c8bed06e8c5d) Importer(2089858483,192608db42251d675da83286b1cce702)
Start importing Assets/!project/3d models/Rus/houses/textures_unity/brevno_long/brevnolong3.mat using Guid(ddd42d655f57aea4d962c8bed06e8c5d) Importer(2089858483,192608db42251d675da83286b1cce702) (ScriptedImporter) -> (artifact id: '618e634708e49b8cbd10ee5230c61ae9') in 0.0663221 seconds
Number of updated asset objects reloaded before import = 0Number of asset objects unloaded after import = 4

========================================================================
Received Import Request.
  Time since last request: 0.000033 seconds.
  path: Assets/From starter/VRTemplateAssets/Models/Blink
  artifactKey: Guid(a8b821ea517effe43ba1316ed6853641) Importer(2089858483,192608db42251d675da83286b1cce702)
Start importing Assets/From starter/VRTemplateAssets/Models/Blink using Guid(a8b821ea517effe43ba1316ed6853641) Importer(2089858483,192608db42251d675da83286b1cce702) (ScriptedImporter) -> (artifact id: '33f667918899536718f3133191866308') in 0.0207065 seconds
Number of updated asset objects reloaded before import = 0Number of asset objects unloaded after import = 1

========================================================================
Received Import Request.
  Time since last request: 0.000019 seconds.
  path: Assets/Samples/XR Interaction Toolkit/3.0.7/Starter Assets/DemoSceneAssets/Models
  artifactKey: Guid(90a5974969e85834f8306496fd3cda4c) Importer(2089858483,192608db42251d675da83286b1cce702)
Start importing Assets/Samples/XR Interaction Toolkit/3.0.7/Starter Assets/DemoSceneAssets/Models using Guid(90a5974969e85834f8306496fd3cda4c) Importer(2089858483,192608db42251d675da83286b1cce702) (ScriptedImporter) -> (artifact id: 'f93cc1c1e67dfe1da1697614a4d521c8') in 0.0075401 seconds
Number of updated asset objects reloaded before import = 0Number of asset objects unloaded after import = 1

========================================================================
Received Import Request.
  Time since last request: 0.000013 seconds.
  path: Assets/!project/Environment/Materials/dirty_ground/dry_mud_field_001_nor_gl_4k.exr
  artifactKey: Guid(398004ebefb622942a955d2a5a225403) Importer(2089858483,192608db42251d675da83286b1cce702)
Start importing Assets/!project/Environment/Materials/dirty_ground/dry_mud_field_001_nor_gl_4k.exr using Guid(398004ebefb622942a955d2a5a225403) Importer(2089858483,192608db42251d675da83286b1cce702) (ScriptedImporter) -> (artifact id: 'a4e39ef9a42d25390002df291cd5df0c') in 0.0838355 seconds
Number of updated asset objects reloaded before import = 0Number of asset objects unloaded after import = 1

========================================================================
Received Import Request.
  Time since last request: 0.000018 seconds.
  path: Assets/From starter/TextMesh Pro/Sprites/EmojiOne.png
  artifactKey: Guid(dffef66376be4fa480fb02b19edbe903) Importer(2089858483,192608db42251d675da83286b1cce702)
Start importing Assets/From starter/TextMesh Pro/Sprites/EmojiOne.png using Guid(dffef66376be4fa480fb02b19edbe903) Importer(2089858483,192608db42251d675da83286b1cce702) (ScriptedImporter) -> (artifact id: 'd63b4f6f50e7f01dd78cb5f5e49ed2b2') in 0.0145685 seconds
Number of updated asset objects reloaded before import = 0Number of asset objects unloaded after import = 1

========================================================================
Received Import Request.
  Time since last request: 0.000031 seconds.
  path: Assets/From starter/VRTemplateAssets/Sprites/Icons/Checkmark.png
  artifactKey: Guid(4aafc51823472ec4ea8ab57045fb659a) Importer(2089858483,192608db42251d675da83286b1cce702)
Start importing Assets/From starter/VRTemplateAssets/Sprites/Icons/Checkmark.png using Guid(4aafc51823472ec4ea8ab57045fb659a) Importer(2089858483,192608db42251d675da83286b1cce702) (ScriptedImporter) -> (artifact id: '9678147a446d4795157b2818c127d7f5') in 0.0345521 seconds
Number of updated asset objects reloaded before import = 0Number of asset objects unloaded after import = 3

========================================================================
Received Import Request.
  Time since last request: 0.000013 seconds.
  path: Assets/From starter/VRTemplateAssets/Materials/Primitive/Interactables 4.mat
  artifactKey: Guid(f5cd77343d6ca1949b1d2d7511848832) Importer(2089858483,192608db42251d675da83286b1cce702)
Start importing Assets/From starter/VRTemplateAssets/Materials/Primitive/Interactables 4.mat using Guid(f5cd77343d6ca1949b1d2d7511848832) Importer(2089858483,192608db42251d675da83286b1cce702) (ScriptedImporter) -> (artifact id: '261f6555c1796b63484888e62c668648') in 0.0115658 seconds
Number of updated asset objects reloaded before import = 0Number of asset objects unloaded after import = 6

========================================================================
Received Import Request.
  Time since last request: 0.000019 seconds.
  path: Assets/Samples/XR Interaction Toolkit/3.0.7/Starter Assets/DemoSceneAssets/Prefabs/Interactables
  artifactKey: Guid(6ac303adce39adb499d7f5c90a77c1c1) Importer(2089858483,192608db42251d675da83286b1cce702)
Start importing Assets/Samples/XR Interaction Toolkit/3.0.7/Starter Assets/DemoSceneAssets/Prefabs/Interactables using Guid(6ac303adce39adb499d7f5c90a77c1c1) Importer(2089858483,192608db42251d675da83286b1cce702) (ScriptedImporter) -> (artifact id: '79c061822d3f879f158943fd16e9377c') in 0.0154596 seconds
Number of updated asset objects reloaded before import = 0Number of asset objects unloaded after import = 1

========================================================================
Received Import Request.
  Time since last request: 0.000018 seconds.
  path: Assets/From starter/VRTemplateAssets/Models/UI/Spatial Panel Manipulator Model.fbx
  artifactKey: Guid(c6984c48aed9a154294088f4265d8478) Importer(2089858483,192608db42251d675da83286b1cce702)
Start importing Assets/From starter/VRTemplateAssets/Models/UI/Spatial Panel Manipulator Model.fbx using Guid(c6984c48aed9a154294088f4265d8478) Importer(2089858483,192608db42251d675da83286b1cce702) (ScriptedImporter) -> (artifact id: '03916b5938b75308478be13579c7b03b') in 0.0654699 seconds
Number of updated asset objects reloaded before import = 0Number of asset objects unloaded after import = 7

========================================================================
Received Import Request.
  Time since last request: 0.000021 seconds.
  path: Assets/!project/3d models/Rus/houses/banya/banya_LOD3.fbx
  artifactKey: Guid(b3ed30c174937d24fa20c9c3f6148b08) Importer(2089858483,192608db42251d675da83286b1cce702)
Start importing Assets/!project/3d models/Rus/houses/banya/banya_LOD3.fbx using Guid(b3ed30c174937d24fa20c9c3f6148b08) Importer(2089858483,192608db42251d675da83286b1cce702) (ScriptedImporter) -> (artifact id: 'cc50bc0722cab3e5d3bce9452bd47e09') in 0.230154 seconds
Number of updated asset objects reloaded before import = 0Number of asset objects unloaded after import = 679

========================================================================
Received Import Request.
  Time since last request: 0.000030 seconds.
  path: Assets/!project/3d models/Rus/houses/kuznya/kuznya_LOD1.fbx
  artifactKey: Guid(e4da4416e34ae874691feeda1289347e) Importer(2089858483,192608db42251d675da83286b1cce702)
Start importing Assets/!project/3d models/Rus/houses/kuznya/kuznya_LOD1.fbx using Guid(e4da4416e34ae874691feeda1289347e) Importer(2089858483,192608db42251d675da83286b1cce702) (ScriptedImporter) -> (artifact id: '45d61c433451f4010cb78579c4b9a892') in 0.1709037 seconds
Number of updated asset objects reloaded before import = 0Number of asset objects unloaded after import = 542

========================================================================
Received Import Request.
  Time since last request: 0.000017 seconds.
  path: Assets/!project/3d models/Rus/houses/textures_unity/doska/doska_Материал_Height.png
  artifactKey: Guid(52c8af14220fb7747ba31260441e8e76) Importer(2089858483,192608db42251d675da83286b1cce702)
Start importing Assets/!project/3d models/Rus/houses/textures_unity/doska/doska_Материал_Height.png using Guid(52c8af14220fb7747ba31260441e8e76) Importer(2089858483,192608db42251d675da83286b1cce702) (ScriptedImporter) -> (artifact id: '421940f10a7ac06769b6e9ba92d4c1c0') in 0.0192628 seconds
Number of updated asset objects reloaded before import = 0Number of asset objects unloaded after import = 1

========================================================================
Received Import Request.
  Time since last request: 0.000033 seconds.
  path: Assets/From starter/VRTemplateAssets/Tutorial/VRTutorialContainer.asset
  artifactKey: Guid(66a752886585f42d5b39f6f643d399f9) Importer(2089858483,192608db42251d675da83286b1cce702)
Start importing Assets/From starter/VRTemplateAssets/Tutorial/VRTutorialContainer.asset using Guid(66a752886585f42d5b39f6f643d399f9) Importer(2089858483,192608db42251d675da83286b1cce702) (ScriptedImporter) -> (artifact id: '789841105ed051448f99eb449e576c0d') in 0.0219041 seconds
Number of updated asset objects reloaded before import = 0Number of asset objects unloaded after import = 4

========================================================================
Received Import Request.
  Time since last request: 0.000030 seconds.
  path: Assets/!project/Environment/Materials/roks_ground/rocks_ground_03_diff_4k.jpg
  artifactKey: Guid(674f51d476d72c14a927da4956ee1790) Importer(2089858483,192608db42251d675da83286b1cce702)
Start importing Assets/!project/Environment/Materials/roks_ground/rocks_ground_03_diff_4k.jpg using Guid(674f51d476d72c14a927da4956ee1790) Importer(2089858483,192608db42251d675da83286b1cce702) (ScriptedImporter) -> (artifact id: 'ac6ed855e54c838ccdb5b637c6956bd3') in 0.0212115 seconds
Number of updated asset objects reloaded before import = 0Number of asset objects unloaded after import = 1

========================================================================
Received Import Request.
  Time since last request: 0.000020 seconds.
  path: Assets/From starter/TextMesh Pro/Shaders/TMP_SDF-Mobile Masking.shader
  artifactKey: Guid(bc1ede39bf3643ee8e493720e4259791) Importer(2089858483,192608db42251d675da83286b1cce702)
Start importing Assets/From starter/TextMesh Pro/Shaders/TMP_SDF-Mobile Masking.shader using Guid(bc1ede39bf3643ee8e493720e4259791) Importer(2089858483,192608db42251d675da83286b1cce702) (ScriptedImporter) -> (artifact id: 'ff2a90163f33bc646b32422bcc6bbe2f') in 0.0085904 seconds
Number of updated asset objects reloaded before import = 0Number of asset objects unloaded after import = 1

========================================================================
Received Import Request.
  Time since last request: 0.000019 seconds.
  path: Assets/Samples/XR Interaction Toolkit/3.0.7/Hands Interaction Demo/HandsDemoSceneAssets/Models
  artifactKey: Guid(244d416b583e0204289c36456c6419cd) Importer(2089858483,192608db42251d675da83286b1cce702)
Start importing Assets/Samples/XR Interaction Toolkit/3.0.7/Hands Interaction Demo/HandsDemoSceneAssets/Models using Guid(244d416b583e0204289c36456c6419cd) Importer(2089858483,192608db42251d675da83286b1cce702) (ScriptedImporter) -> (artifact id: '30cdc9060c38641c5efcd274400e7cd3') in 0.0063911 seconds
Number of updated asset objects reloaded before import = 0Number of asset objects unloaded after import = 1

========================================================================
Received Import Request.
  Time since last request: 0.000019 seconds.
  path: Assets/!project/3d models/Rus/houses/textures_unity/krovla
  artifactKey: Guid(cc411c31cd718d84f94cf4ac78f42e43) Importer(2089858483,192608db42251d675da83286b1cce702)
Start importing Assets/!project/3d models/Rus/houses/textures_unity/krovla using Guid(cc411c31cd718d84f94cf4ac78f42e43) Importer(2089858483,192608db42251d675da83286b1cce702) (ScriptedImporter) -> (artifact id: '288a2994858416981c879daf8ea382c3') in 0.0031047 seconds
Number of updated asset objects reloaded before import = 0Number of asset objects unloaded after import = 1

========================================================================
Received Import Request.
  Time since last request: 0.000019 seconds.
  path: Assets/!project/3d models/Rus/houses
  artifactKey: Guid(ed1d1cc7db4833440a45dc4acf1b39d4) Importer(2089858483,192608db42251d675da83286b1cce702)
Start importing Assets/!project/3d models/Rus/houses using Guid(ed1d1cc7db4833440a45dc4acf1b39d4) Importer(2089858483,192608db42251d675da83286b1cce702) (ScriptedImporter) -> (artifact id: '20df3fbf219d71e72091a33f50aafd26') in 0.0036448 seconds
Number of updated asset objects reloaded before import = 0Number of asset objects unloaded after import = 1

========================================================================
Received Import Request.
  Time since last request: 0.000034 seconds.
  path: Assets/!project/3d models/Rus/houses/textures_unity/brevno/3/brevno_Материал_BaseColor.png
  artifactKey: Guid(5768f4442e2e0bc4782da85c0093e8e1) Importer(2089858483,192608db42251d675da83286b1cce702)
Start importing Assets/!project/3d models/Rus/houses/textures_unity/brevno/3/brevno_Материал_BaseColor.png using Guid(5768f4442e2e0bc4782da85c0093e8e1) Importer(2089858483,192608db42251d675da83286b1cce702) (ScriptedImporter) -> (artifact id: '98348e242fcd10da040c0251c920482d') in 0.0180965 seconds
Number of updated asset objects reloaded before import = 0Number of asset objects unloaded after import = 1

========================================================================
Received Import Request.
  Time since last request: 0.000017 seconds.
  path: Assets/!project/Environment/Materials/dirty_ground/dirty_ground.mat
  artifactKey: Guid(d747816435318d04495b0b6ea4058a29) Importer(2089858483,192608db42251d675da83286b1cce702)
Start importing Assets/!project/Environment/Materials/dirty_ground/dirty_ground.mat using Guid(d747816435318d04495b0b6ea4058a29) Importer(2089858483,192608db42251d675da83286b1cce702) (ScriptedImporter) -> (artifact id: '2c7b4dd2d8d27e685e5b0044c6c4da6c') in 0.044596 seconds
Number of updated asset objects reloaded before import = 0Number of asset objects unloaded after import = 3

========================================================================
Received Import Request.
  Time since last request: 0.000020 seconds.
  path: Assets/From starter/VRTemplateAssets/Materials/Anchor Materials
  artifactKey: Guid(54d28119b27939d4daeae25edfec2da8) Importer(2089858483,192608db42251d675da83286b1cce702)
Start importing Assets/From starter/VRTemplateAssets/Materials/Anchor Materials using Guid(54d28119b27939d4daeae25edfec2da8) Importer(2089858483,192608db42251d675da83286b1cce702) (ScriptedImporter) -> (artifact id: '6682fa56a93364520965594c5ee7845e') in 0.0041221 seconds
Number of updated asset objects reloaded before import = 0Number of asset objects unloaded after import = 1

========================================================================
Received Import Request.
  Time since last request: 0.000017 seconds.
  path: Assets/From starter/VRTemplateAssets/Materials/Controller
  artifactKey: Guid(1953143d7a07e7a4d84d9ef361175140) Importer(2089858483,192608db42251d675da83286b1cce702)
Start importing Assets/From starter/VRTemplateAssets/Materials/Controller using Guid(1953143d7a07e7a4d84d9ef361175140) Importer(2089858483,192608db42251d675da83286b1cce702) (ScriptedImporter) -> (artifact id: '661375b90770ea514aceebeb2bc878bc') in 0.003947 seconds
Number of updated asset objects reloaded before import = 0Number of asset objects unloaded after import = 1

========================================================================
Received Import Request.
  Time since last request: 922.840090 seconds.
  path: Assets/ner parameter light.giparams
  artifactKey: Guid(3a875f1fcd1f7d54d80a96613e9ba4f2) Importer(2089858483,192608db42251d675da83286b1cce702)
Start importing Assets/ner parameter light.giparams using Guid(3a875f1fcd1f7d54d80a96613e9ba4f2) Importer(2089858483,192608db42251d675da83286b1cce702) (ScriptedImporter) -> (artifact id: '7e34010429a3909728c13d4e41c4605f') in 0.0056758 seconds
Number of updated asset objects reloaded before import = 1Number of asset objects unloaded after import = 1

========================================================================
Received Import Request.
  Time since last request: 2292.840642 seconds.
  path: Assets/!project/Scenes/Rus.unity
  artifactKey: Guid(4330ea586ce84f440a62a6cddf826e93) Importer(2089858483,192608db42251d675da83286b1cce702)
Start importing Assets/!project/Scenes/Rus.unity using Guid(4330ea586ce84f440a62a6cddf826e93) Importer(2089858483,192608db42251d675da83286b1cce702) (ScriptedImporter) -> (artifact id: 'e8c0ad25607dac75b036b97169a9e476') in 0.1057616 seconds
Number of updated asset objects reloaded before import = 0Number of asset objects unloaded after import = 1

